#
# There is insufficient memory for the Java Runtime Environment to continue.
# Native memory allocation (malloc) failed to allocate 348144 bytes for Chunk::new
# Possible reasons:
#   The system is out of physical RAM or swap space
#   The process is running with CompressedOops enabled, and the Java Heap may be blocking the growth of the native heap
# Possible solutions:
#   Reduce memory load on the system
#   Increase physical memory or swap space
#   Check if swap backing store is full
#   Decrease Java heap size (-Xmx/-Xms)
#   Decrease number of Java threads
#   Decrease Java thread stack sizes (-Xss)
#   Set larger code cache with -XX:ReservedCodeCacheSize=
#   JVM is running with Unscaled Compressed Oops mode in which the Java heap is
#     placed in the first 4GB address space. The Java Heap base address is the
#     maximum limit for the native heap growth. Please use -XX:HeapBaseMinAddress
#     to set the Java Heap base and to place the Java Heap above 4GB virtual address.
# This output file may be truncated or incomplete.
#
#  Out of Memory Error (arena.cpp:189), pid=34348, tid=6316
#
# JRE version: OpenJDK Runtime Environment (17.0.6) (build 17.0.6+0-b2043.56-10027231)
# Java VM: OpenJDK 64-Bit Server VM (17.0.6+0-b2043.56-10027231, mixed mode, tiered, compressed oops, compressed class ptrs, g1 gc, windows-amd64)
# No core dump will be written. Minidumps are not enabled by default on client versions of Windows
#

---------------  S U M M A R Y ------------

Command Line: --add-opens=java.base/java.util=ALL-UNNAMED --add-opens=java.base/java.lang=ALL-UNNAMED --add-opens=java.base/java.lang.invoke=ALL-UNNAMED --add-opens=java.prefs/java.util.prefs=ALL-UNNAMED --add-opens=java.base/java.nio.charset=ALL-UNNAMED --add-opens=java.base/java.net=ALL-UNNAMED --add-opens=java.base/java.util.concurrent.atomic=ALL-UNNAMED -Xmx2048m -Dfile.encoding=UTF-8 -Duser.country=KR -Duser.language=ko -Duser.variant org.gradle.launcher.daemon.bootstrap.GradleDaemon 8.0

Host: 11th Gen Intel(R) Core(TM) i7-1165G7 @ 2.80GHz, 8 cores, 15G,  Windows 11 , 64 bit Build 22621 (10.0.22621.2428)
Time: Thu Nov 30 15:49:46 2023  Windows 11 , 64 bit Build 22621 (10.0.22621.2428) elapsed time: 11.306380 seconds (0d 0h 0m 11s)

---------------  T H R E A D  ---------------

Current thread (0x000001b6b6b519c0):  JavaThread "C2 CompilerThread2" daemon [_thread_in_native, id=6316, stack(0x000000a69b900000,0x000000a69ba00000)]


Current CompileTask:
C2:  11306 8661       4       org.objectweb.asm.Type::getType (122 bytes)

Stack: [0x000000a69b900000,0x000000a69ba00000]
Native frames: (J=compiled Java code, j=interpreted, Vv=VM code, C=native code)
V  [jvm.dll+0x683c9a]
V  [jvm.dll+0x8427a4]
V  [jvm.dll+0x843f9e]
V  [jvm.dll+0x844603]
V  [jvm.dll+0x249b75]
V  [jvm.dll+0xabcac]
V  [jvm.dll+0xac27c]
V  [jvm.dll+0x368857]
V  [jvm.dll+0x1bd0b8]
V  [jvm.dll+0x21c359]
V  [jvm.dll+0x21b621]
V  [jvm.dll+0x1a4fdd]
V  [jvm.dll+0x22b098]
V  [jvm.dll+0x229159]
V  [jvm.dll+0x7f81ec]
V  [jvm.dll+0x7f274a]
V  [jvm.dll+0x682ad5]
C  [ucrtbase.dll+0x29363]
C  [KERNEL32.DLL+0x1257d]
C  [ntdll.dll+0x5aa78]


---------------  P R O C E S S  ---------------

Threads class SMR info:
_java_thread_list=0x000001b6b6ba67f0, length=130, elements={
0x000001b6925c8810, 0x000001b6ac428f00, 0x000001b6ad036630, 0x000001b6ad092550,
0x000001b6ad06d450, 0x000001b6ad06df00, 0x000001b6ad0af570, 0x000001b6ad0afe60,
0x000001b6ad0b4e10, 0x000001b6ad0cdfd0, 0x000001b6ad22c260, 0x000001b6ad243790,
0x000001b6ae95a570, 0x000001b6ad3dcf00, 0x000001b6ae67d970, 0x000001b6afc1b690,
0x000001b6b04ff2f0, 0x000001b6aff03ac0, 0x000001b6ae58b2f0, 0x000001b6ae5ecd80,
0x000001b6aea5ad40, 0x000001b6aea59530, 0x000001b6aea5b210, 0x000001b6aea59a00,
0x000001b6aea5a3a0, 0x000001b6aea59060, 0x000001b6aea59ed0, 0x000001b6aea5c080,
0x000001b6aea5ca20, 0x000001b6b273d060, 0x000001b6b2735810, 0x000001b6b2736b50,
0x000001b6b27374f0, 0x000001b6b273bd20, 0x000001b6b273c6c0, 0x000001b6b2737e90,
0x000001b6b2738360, 0x000001b6b2735ce0, 0x000001b6b2738830, 0x000001b6b2738d00,
0x000001b6b273aeb0, 0x000001b6b3065220, 0x000001b6b3061390, 0x000001b6b305ed10,
0x000001b6b3063ee0, 0x000001b6b305fb80, 0x000001b6b3065bc0, 0x000001b6b3063a10,
0x000001b6b30609f0, 0x000001b6b305f1e0, 0x000001b6b30643b0, 0x000001b6b3061d30,
0x000001b6b3060ec0, 0x000001b6b3060050, 0x000001b6b30656f0, 0x000001b6b3060520,
0x000001b6b3062200, 0x000001b6b30626d0, 0x000001b6b3061860, 0x000001b6b3062ba0,
0x000001b6b305f6b0, 0x000001b6b3063070, 0x000001b6b3063540, 0x000001b6b3064880,
0x000001b6b3064d50, 0x000001b6afe1e8f0, 0x000001b6afe19720, 0x000001b6afe1df50,
0x000001b6afe1edc0, 0x000001b6afe1a590, 0x000001b6afe1e420, 0x000001b6afe1af30,
0x000001b6afe1b8d0, 0x000001b6afe1bda0, 0x000001b6afe1aa60, 0x000001b6afe1f290,
0x000001b6afe1b400, 0x000001b6afe1c270, 0x000001b6afe19250, 0x000001b6afe1c740,
0x000001b6afe1d5b0, 0x000001b6afe1cc10, 0x000001b6afe1da80, 0x000001b6afe1a0c0,
0x000001b6afe1fc30, 0x000001b6afe1f760, 0x000001b6afe183e0, 0x000001b6afe1d0e0,
0x000001b6afe188b0, 0x000001b6afe18d80, 0x000001b6afe19bf0, 0x000001b6b0a55bc0,
0x000001b6b0a56a30, 0x000001b6b0a54d50, 0x000001b6b0a54880, 0x000001b6b0a58710,
0x000001b6b0a56560, 0x000001b6b0a5a3f0, 0x000001b6b0a58be0, 0x000001b6b0a573d0,
0x000001b6b0a56f00, 0x000001b6b0a57d70, 0x000001b6b0a578a0, 0x000001b6b0a590b0,
0x000001b6b0a59580, 0x000001b6b0a556f0, 0x000001b6b0a55220, 0x000001b6b0a56090,
0x000001b6b0a59a50, 0x000001b6b0a543b0, 0x000001b6b0a58240, 0x000001b6b0a59f20,
0x000001b6b0a5a8c0, 0x000001b6b0a53540, 0x000001b6b0a53070, 0x000001b6b0a53a10,
0x000001b6b0a53ee0, 0x000001b6b63f3580, 0x000001b6b63f3a50, 0x000001b6b63f4d90,
0x000001b6b63f2710, 0x000001b6b63f5260, 0x000001b6b63f3f20, 0x000001b6b63f5730,
0x000001b6b63f43f0, 0x000001b6b63f30b0, 0x000001b6b4119c10, 0x000001b6b411b8f0,
0x000001b6adde2c00, 0x000001b6b6b519c0
}

Java Threads: ( => current thread )
  0x000001b6925c8810 JavaThread "main" [_thread_blocked, id=9132, stack(0x000000a692e00000,0x000000a692f00000)]
  0x000001b6ac428f00 JavaThread "Reference Handler" daemon [_thread_blocked, id=19792, stack(0x000000a693500000,0x000000a693600000)]
  0x000001b6ad036630 JavaThread "Finalizer" daemon [_thread_blocked, id=32092, stack(0x000000a693600000,0x000000a693700000)]
  0x000001b6ad092550 JavaThread "Signal Dispatcher" daemon [_thread_blocked, id=49408, stack(0x000000a693700000,0x000000a693800000)]
  0x000001b6ad06d450 JavaThread "Attach Listener" daemon [_thread_blocked, id=16048, stack(0x000000a693800000,0x000000a693900000)]
  0x000001b6ad06df00 JavaThread "Service Thread" daemon [_thread_blocked, id=45212, stack(0x000000a693900000,0x000000a693a00000)]
  0x000001b6ad0af570 JavaThread "Monitor Deflation Thread" daemon [_thread_blocked, id=53084, stack(0x000000a693a00000,0x000000a693b00000)]
  0x000001b6ad0afe60 JavaThread "C2 CompilerThread0" daemon [_thread_in_native, id=42040, stack(0x000000a693b00000,0x000000a693c00000)]
  0x000001b6ad0b4e10 JavaThread "C1 CompilerThread0" daemon [_thread_blocked, id=44580, stack(0x000000a693c00000,0x000000a693d00000)]
  0x000001b6ad0cdfd0 JavaThread "Sweeper thread" daemon [_thread_blocked, id=44008, stack(0x000000a693d00000,0x000000a693e00000)]
  0x000001b6ad22c260 JavaThread "Common-Cleaner" daemon [_thread_blocked, id=46764, stack(0x000000a693e00000,0x000000a693f00000)]
  0x000001b6ad243790 JavaThread "Notification Thread" daemon [_thread_blocked, id=36784, stack(0x000000a693f00000,0x000000a694000000)]
  0x000001b6ae95a570 JavaThread "Daemon health stats" [_thread_blocked, id=8260, stack(0x000000a694800000,0x000000a694900000)]
  0x000001b6ad3dcf00 JavaThread "Incoming local TCP Connector on port 59561" [_thread_in_native, id=54176, stack(0x000000a694100000,0x000000a694200000)]
  0x000001b6ae67d970 JavaThread "Daemon periodic checks" [_thread_blocked, id=19796, stack(0x000000a694700000,0x000000a694800000)]
  0x000001b6afc1b690 JavaThread "Daemon" [_thread_blocked, id=14984, stack(0x000000a694900000,0x000000a694a00000)]
  0x000001b6b04ff2f0 JavaThread "Handler for socket connection from /127.0.0.1:59561 to /127.0.0.1:59562" [_thread_in_native, id=30908, stack(0x000000a694a00000,0x000000a694b00000)]
  0x000001b6aff03ac0 JavaThread "Cancel handler" [_thread_blocked, id=50248, stack(0x000000a694b00000,0x000000a694c00000)]
  0x000001b6ae58b2f0 JavaThread "Daemon worker" [_thread_in_vm, id=10988, stack(0x000000a694c00000,0x000000a694d00000)]
  0x000001b6ae5ecd80 JavaThread "Asynchronous log dispatcher for DefaultDaemonConnection: socket connection from /127.0.0.1:59561 to /127.0.0.1:59562" [_thread_blocked, id=46832, stack(0x000000a694d00000,0x000000a694e00000)]
  0x000001b6aea5ad40 JavaThread "Stdin handler" [_thread_blocked, id=26436, stack(0x000000a694e00000,0x000000a694f00000)]
  0x000001b6aea59530 JavaThread "Daemon client event forwarder" [_thread_blocked, id=36516, stack(0x000000a694f00000,0x000000a695000000)]
  0x000001b6aea5b210 JavaThread "Cache worker for journal cache (C:\Users\bbky3\.gradle\caches\journal-1)" [_thread_blocked, id=5028, stack(0x000000a695300000,0x000000a695400000)]
  0x000001b6aea59a00 JavaThread "File lock request listener" [_thread_in_native, id=29064, stack(0x000000a695400000,0x000000a695500000)]
  0x000001b6aea5a3a0 JavaThread "Cache worker for file hash cache (C:\Users\bbky3\.gradle\caches\8.0\fileHashes)" [_thread_blocked, id=3888, stack(0x000000a695600000,0x000000a695700000)]
  0x000001b6aea59060 JavaThread "File watcher server" daemon [_thread_in_native, id=29708, stack(0x000000a695800000,0x000000a695900000)]
  0x000001b6aea59ed0 JavaThread "File watcher consumer" daemon [_thread_blocked, id=50416, stack(0x000000a695900000,0x000000a695a00000)]
  0x000001b6aea5c080 JavaThread "Cache worker for checksums cache (C:\Users\bbky3\AndroidStudioProjects\FoodProject\.gradle\8.0\checksums)" [_thread_blocked, id=39292, stack(0x000000a695a00000,0x000000a695b00000)]
  0x000001b6aea5ca20 JavaThread "Cache worker for cache directory md-rule (C:\Users\bbky3\.gradle\caches\8.0\md-rule)" [_thread_blocked, id=19964, stack(0x000000a695b00000,0x000000a695c00000)]
  0x000001b6b273d060 JavaThread "Cache worker for file content cache (C:\Users\bbky3\.gradle\caches\8.0\fileContent)" [_thread_blocked, id=43708, stack(0x000000a695c00000,0x000000a695d00000)]
  0x000001b6b2735810 JavaThread "Cache worker for file hash cache (C:\Users\bbky3\AndroidStudioProjects\FoodProject\.gradle\8.0\fileHashes)" [_thread_blocked, id=7952, stack(0x000000a695d00000,0x000000a695e00000)]
  0x000001b6b2736b50 JavaThread "Cache worker for cache directory md-supplier (C:\Users\bbky3\.gradle\caches\8.0\md-supplier)" [_thread_blocked, id=14356, stack(0x000000a695e00000,0x000000a695f00000)]
  0x000001b6b27374f0 JavaThread "Cache worker for execution history cache (C:\Users\bbky3\.gradle\caches\8.0\executionHistory)" [_thread_blocked, id=51740, stack(0x000000a695f00000,0x000000a696000000)]
  0x000001b6b273bd20 JavaThread "jar transforms" [_thread_blocked, id=42744, stack(0x000000a696000000,0x000000a696100000)]
  0x000001b6b273c6c0 JavaThread "jar transforms Thread 2" [_thread_blocked, id=53636, stack(0x000000a696100000,0x000000a696200000)]
  0x000001b6b2737e90 JavaThread "Cache worker for kotlin-dsl (C:\Users\bbky3\.gradle\caches\8.0\kotlin-dsl)" [_thread_blocked, id=49280, stack(0x000000a696300000,0x000000a696400000)]
  0x000001b6b2738360 JavaThread "jar transforms Thread 3" [_thread_blocked, id=50228, stack(0x000000a696400000,0x000000a696500000)]
  0x000001b6b2735ce0 JavaThread "jar transforms Thread 4" [_thread_blocked, id=48808, stack(0x000000a696500000,0x000000a696600000)]
  0x000001b6b2738830 JavaThread "Cache worker for dependencies-accessors (C:\Users\bbky3\AndroidStudioProjects\FoodProject\.gradle\8.0\dependencies-accessors)" [_thread_blocked, id=17932, stack(0x000000a696600000,0x000000a696700000)]
  0x000001b6b2738d00 JavaThread "Cache worker for Build Output Cleanup Cache (C:\Users\bbky3\AndroidStudioProjects\FoodProject\.gradle\buildOutputCleanup)" [_thread_blocked, id=49852, stack(0x000000a696700000,0x000000a696800000)]
  0x000001b6b273aeb0 JavaThread "jar transforms Thread 5" [_thread_blocked, id=51520, stack(0x000000a696800000,0x000000a696900000)]
  0x000001b6b3065220 JavaThread "Unconstrained build operations" [_thread_blocked, id=36608, stack(0x000000a695700000,0x000000a695800000)]
  0x000001b6b3061390 JavaThread "Unconstrained build operations Thread 2" [_thread_blocked, id=8324, stack(0x000000a696a00000,0x000000a696b00000)]
  0x000001b6b305ed10 JavaThread "Unconstrained build operations Thread 3" [_thread_blocked, id=51972, stack(0x000000a696b00000,0x000000a696c00000)]
  0x000001b6b3063ee0 JavaThread "Unconstrained build operations Thread 4" [_thread_blocked, id=40420, stack(0x000000a696c00000,0x000000a696d00000)]
  0x000001b6b305fb80 JavaThread "Unconstrained build operations Thread 5" [_thread_blocked, id=18648, stack(0x000000a696d00000,0x000000a696e00000)]
  0x000001b6b3065bc0 JavaThread "Unconstrained build operations Thread 6" [_thread_blocked, id=41812, stack(0x000000a696e00000,0x000000a696f00000)]
  0x000001b6b3063a10 JavaThread "Unconstrained build operations Thread 7" [_thread_blocked, id=51988, stack(0x000000a696f00000,0x000000a697000000)]
  0x000001b6b30609f0 JavaThread "Unconstrained build operations Thread 8" [_thread_blocked, id=48852, stack(0x000000a697000000,0x000000a697100000)]
  0x000001b6b305f1e0 JavaThread "Unconstrained build operations Thread 9" [_thread_blocked, id=40496, stack(0x000000a697100000,0x000000a697200000)]
  0x000001b6b30643b0 JavaThread "Unconstrained build operations Thread 10" [_thread_blocked, id=43480, stack(0x000000a697200000,0x000000a697300000)]
  0x000001b6b3061d30 JavaThread "Unconstrained build operations Thread 11" [_thread_blocked, id=53216, stack(0x000000a697300000,0x000000a697400000)]
  0x000001b6b3060ec0 JavaThread "Unconstrained build operations Thread 12" [_thread_blocked, id=44656, stack(0x000000a697400000,0x000000a697500000)]
  0x000001b6b3060050 JavaThread "Unconstrained build operations Thread 13" [_thread_blocked, id=21584, stack(0x000000a697500000,0x000000a697600000)]
  0x000001b6b30656f0 JavaThread "Unconstrained build operations Thread 14" [_thread_blocked, id=26328, stack(0x000000a697600000,0x000000a697700000)]
  0x000001b6b3060520 JavaThread "Unconstrained build operations Thread 15" [_thread_blocked, id=16208, stack(0x000000a697700000,0x000000a697800000)]
  0x000001b6b3062200 JavaThread "Unconstrained build operations Thread 16" [_thread_blocked, id=48272, stack(0x000000a697800000,0x000000a697900000)]
  0x000001b6b30626d0 JavaThread "Unconstrained build operations Thread 17" [_thread_blocked, id=14664, stack(0x000000a697900000,0x000000a697a00000)]
  0x000001b6b3061860 JavaThread "Unconstrained build operations Thread 18" [_thread_blocked, id=41788, stack(0x000000a697a00000,0x000000a697b00000)]
  0x000001b6b3062ba0 JavaThread "Unconstrained build operations Thread 19" [_thread_blocked, id=53656, stack(0x000000a697b00000,0x000000a697c00000)]
  0x000001b6b305f6b0 JavaThread "Unconstrained build operations Thread 20" [_thread_blocked, id=52272, stack(0x000000a697c00000,0x000000a697d00000)]
  0x000001b6b3063070 JavaThread "Unconstrained build operations Thread 21" [_thread_blocked, id=44772, stack(0x000000a697d00000,0x000000a697e00000)]
  0x000001b6b3063540 JavaThread "Unconstrained build operations Thread 22" [_thread_blocked, id=9360, stack(0x000000a697e00000,0x000000a697f00000)]
  0x000001b6b3064880 JavaThread "Unconstrained build operations Thread 23" [_thread_blocked, id=46808, stack(0x000000a697f00000,0x000000a698000000)]
  0x000001b6b3064d50 JavaThread "Unconstrained build operations Thread 24" [_thread_blocked, id=9168, stack(0x000000a698000000,0x000000a698100000)]
  0x000001b6afe1e8f0 JavaThread "Unconstrained build operations Thread 25" [_thread_blocked, id=18184, stack(0x000000a698100000,0x000000a698200000)]
  0x000001b6afe19720 JavaThread "Unconstrained build operations Thread 26" [_thread_blocked, id=51276, stack(0x000000a698200000,0x000000a698300000)]
  0x000001b6afe1df50 JavaThread "Unconstrained build operations Thread 27" [_thread_blocked, id=50784, stack(0x000000a698300000,0x000000a698400000)]
  0x000001b6afe1edc0 JavaThread "Unconstrained build operations Thread 28" [_thread_blocked, id=19988, stack(0x000000a698400000,0x000000a698500000)]
  0x000001b6afe1a590 JavaThread "Unconstrained build operations Thread 29" [_thread_blocked, id=34324, stack(0x000000a698500000,0x000000a698600000)]
  0x000001b6afe1e420 JavaThread "Unconstrained build operations Thread 30" [_thread_blocked, id=49508, stack(0x000000a698600000,0x000000a698700000)]
  0x000001b6afe1af30 JavaThread "Unconstrained build operations Thread 31" [_thread_blocked, id=47504, stack(0x000000a698700000,0x000000a698800000)]
  0x000001b6afe1b8d0 JavaThread "Unconstrained build operations Thread 32" [_thread_blocked, id=11188, stack(0x000000a698800000,0x000000a698900000)]
  0x000001b6afe1bda0 JavaThread "Unconstrained build operations Thread 33" [_thread_blocked, id=20632, stack(0x000000a698900000,0x000000a698a00000)]
  0x000001b6afe1aa60 JavaThread "Unconstrained build operations Thread 34" [_thread_blocked, id=31636, stack(0x000000a698a00000,0x000000a698b00000)]
  0x000001b6afe1f290 JavaThread "Unconstrained build operations Thread 35" [_thread_blocked, id=53304, stack(0x000000a698b00000,0x000000a698c00000)]
  0x000001b6afe1b400 JavaThread "Unconstrained build operations Thread 36" [_thread_blocked, id=17416, stack(0x000000a698c00000,0x000000a698d00000)]
  0x000001b6afe1c270 JavaThread "Unconstrained build operations Thread 37" [_thread_blocked, id=46872, stack(0x000000a698d00000,0x000000a698e00000)]
  0x000001b6afe19250 JavaThread "Unconstrained build operations Thread 38" [_thread_blocked, id=49600, stack(0x000000a698e00000,0x000000a698f00000)]
  0x000001b6afe1c740 JavaThread "Unconstrained build operations Thread 39" [_thread_blocked, id=13088, stack(0x000000a698f00000,0x000000a699000000)]
  0x000001b6afe1d5b0 JavaThread "Unconstrained build operations Thread 40" [_thread_blocked, id=48536, stack(0x000000a699000000,0x000000a699100000)]
  0x000001b6afe1cc10 JavaThread "Unconstrained build operations Thread 41" [_thread_blocked, id=33980, stack(0x000000a699100000,0x000000a699200000)]
  0x000001b6afe1da80 JavaThread "Unconstrained build operations Thread 42" [_thread_blocked, id=40540, stack(0x000000a699200000,0x000000a699300000)]
  0x000001b6afe1a0c0 JavaThread "Unconstrained build operations Thread 43" [_thread_blocked, id=12784, stack(0x000000a699300000,0x000000a699400000)]
  0x000001b6afe1fc30 JavaThread "Unconstrained build operations Thread 44" [_thread_blocked, id=33596, stack(0x000000a699400000,0x000000a699500000)]
  0x000001b6afe1f760 JavaThread "Unconstrained build operations Thread 45" [_thread_blocked, id=14256, stack(0x000000a699500000,0x000000a699600000)]
  0x000001b6afe183e0 JavaThread "Unconstrained build operations Thread 46" [_thread_blocked, id=47036, stack(0x000000a699600000,0x000000a699700000)]
  0x000001b6afe1d0e0 JavaThread "Unconstrained build operations Thread 47" [_thread_blocked, id=42280, stack(0x000000a699700000,0x000000a699800000)]
  0x000001b6afe188b0 JavaThread "Unconstrained build operations Thread 48" [_thread_blocked, id=51116, stack(0x000000a699800000,0x000000a699900000)]
  0x000001b6afe18d80 JavaThread "Unconstrained build operations Thread 49" [_thread_blocked, id=22896, stack(0x000000a699900000,0x000000a699a00000)]
  0x000001b6afe19bf0 JavaThread "Unconstrained build operations Thread 50" [_thread_blocked, id=52004, stack(0x000000a699a00000,0x000000a699b00000)]
  0x000001b6b0a55bc0 JavaThread "Unconstrained build operations Thread 51" [_thread_blocked, id=4040, stack(0x000000a699b00000,0x000000a699c00000)]
  0x000001b6b0a56a30 JavaThread "Unconstrained build operations Thread 52" [_thread_blocked, id=46108, stack(0x000000a699c00000,0x000000a699d00000)]
  0x000001b6b0a54d50 JavaThread "Unconstrained build operations Thread 53" [_thread_blocked, id=51856, stack(0x000000a699d00000,0x000000a699e00000)]
  0x000001b6b0a54880 JavaThread "Unconstrained build operations Thread 54" [_thread_blocked, id=22092, stack(0x000000a699e00000,0x000000a699f00000)]
  0x000001b6b0a58710 JavaThread "Unconstrained build operations Thread 55" [_thread_blocked, id=49360, stack(0x000000a699f00000,0x000000a69a000000)]
  0x000001b6b0a56560 JavaThread "Unconstrained build operations Thread 56" [_thread_blocked, id=53848, stack(0x000000a69a000000,0x000000a69a100000)]
  0x000001b6b0a5a3f0 JavaThread "Unconstrained build operations Thread 57" [_thread_blocked, id=27592, stack(0x000000a69a100000,0x000000a69a200000)]
  0x000001b6b0a58be0 JavaThread "Unconstrained build operations Thread 58" [_thread_blocked, id=48276, stack(0x000000a69a200000,0x000000a69a300000)]
  0x000001b6b0a573d0 JavaThread "Unconstrained build operations Thread 59" [_thread_blocked, id=38576, stack(0x000000a69a300000,0x000000a69a400000)]
  0x000001b6b0a56f00 JavaThread "Unconstrained build operations Thread 60" [_thread_blocked, id=34800, stack(0x000000a69a400000,0x000000a69a500000)]
  0x000001b6b0a57d70 JavaThread "Unconstrained build operations Thread 61" [_thread_blocked, id=40108, stack(0x000000a69a500000,0x000000a69a600000)]
  0x000001b6b0a578a0 JavaThread "Unconstrained build operations Thread 62" [_thread_blocked, id=50456, stack(0x000000a69a600000,0x000000a69a700000)]
  0x000001b6b0a590b0 JavaThread "Unconstrained build operations Thread 63" [_thread_blocked, id=46396, stack(0x000000a69a700000,0x000000a69a800000)]
  0x000001b6b0a59580 JavaThread "Unconstrained build operations Thread 64" [_thread_blocked, id=46620, stack(0x000000a69a800000,0x000000a69a900000)]
  0x000001b6b0a556f0 JavaThread "Unconstrained build operations Thread 65" [_thread_blocked, id=48268, stack(0x000000a69a900000,0x000000a69aa00000)]
  0x000001b6b0a55220 JavaThread "Unconstrained build operations Thread 66" [_thread_blocked, id=41444, stack(0x000000a69aa00000,0x000000a69ab00000)]
  0x000001b6b0a56090 JavaThread "Unconstrained build operations Thread 67" [_thread_blocked, id=38264, stack(0x000000a69ab00000,0x000000a69ac00000)]
  0x000001b6b0a59a50 JavaThread "Unconstrained build operations Thread 68" [_thread_blocked, id=52184, stack(0x000000a69ac00000,0x000000a69ad00000)]
  0x000001b6b0a543b0 JavaThread "Unconstrained build operations Thread 69" [_thread_blocked, id=30056, stack(0x000000a69ad00000,0x000000a69ae00000)]
  0x000001b6b0a58240 JavaThread "Unconstrained build operations Thread 70" [_thread_blocked, id=52420, stack(0x000000a69ae00000,0x000000a69af00000)]
  0x000001b6b0a59f20 JavaThread "Unconstrained build operations Thread 71" [_thread_blocked, id=40344, stack(0x000000a69af00000,0x000000a69b000000)]
  0x000001b6b0a5a8c0 JavaThread "Unconstrained build operations Thread 72" [_thread_blocked, id=51024, stack(0x000000a69b000000,0x000000a69b100000)]
  0x000001b6b0a53540 JavaThread "Unconstrained build operations Thread 73" [_thread_blocked, id=29056, stack(0x000000a69b100000,0x000000a69b200000)]
  0x000001b6b0a53070 JavaThread "Unconstrained build operations Thread 74" [_thread_blocked, id=34120, stack(0x000000a69b200000,0x000000a69b300000)]
  0x000001b6b0a53a10 JavaThread "Unconstrained build operations Thread 75" [_thread_blocked, id=53952, stack(0x000000a69b300000,0x000000a69b400000)]
  0x000001b6b0a53ee0 JavaThread "Unconstrained build operations Thread 76" [_thread_blocked, id=10204, stack(0x000000a69b400000,0x000000a69b500000)]
  0x000001b6b63f3580 JavaThread "Unconstrained build operations Thread 77" [_thread_blocked, id=43532, stack(0x000000a69b500000,0x000000a69b600000)]
  0x000001b6b63f3a50 JavaThread "Unconstrained build operations Thread 78" [_thread_blocked, id=46116, stack(0x000000a69b600000,0x000000a69b700000)]
  0x000001b6b63f4d90 JavaThread "Unconstrained build operations Thread 79" [_thread_blocked, id=51224, stack(0x000000a69b700000,0x000000a69b800000)]
  0x000001b6b63f2710 JavaThread "Unconstrained build operations Thread 80" [_thread_blocked, id=48924, stack(0x000000a69b800000,0x000000a69b900000)]
  0x000001b6b63f5260 JavaThread "jar transforms Thread 6" [_thread_blocked, id=35300, stack(0x000000a69ba00000,0x000000a69bb00000)]
  0x000001b6b63f3f20 JavaThread "jar transforms Thread 7" [_thread_blocked, id=22172, stack(0x000000a69bb00000,0x000000a69bc00000)]
  0x000001b6b63f5730 JavaThread "jar transforms Thread 8" [_thread_blocked, id=30264, stack(0x000000a69bc00000,0x000000a69bd00000)]
  0x000001b6b63f43f0 JavaThread "build event listener" [_thread_blocked, id=42076, stack(0x000000a69bd00000,0x000000a69be00000)]
  0x000001b6b63f30b0 JavaThread "Memory manager" [_thread_blocked, id=32176, stack(0x000000a69be00000,0x000000a69bf00000)]
  0x000001b6b4119c10 JavaThread "build event listener" [_thread_blocked, id=52524, stack(0x000000a69bf00000,0x000000a69c000000)]
  0x000001b6b411b8f0 JavaThread "build event listener" [_thread_blocked, id=47320, stack(0x000000a69c000000,0x000000a69c100000)]
  0x000001b6adde2c00 JavaThread "C2 CompilerThread1" daemon [_thread_in_native, id=23960, stack(0x000000a695500000,0x000000a695600000)]
=>0x000001b6b6b519c0 JavaThread "C2 CompilerThread2" daemon [_thread_in_native, id=6316, stack(0x000000a69b900000,0x000000a69ba00000)]

Other Threads:
  0x000001b6ac415730 VMThread "VM Thread" [stack: 0x000000a693400000,0x000000a693500000] [id=1620]
  0x000001b69263cac0 WatcherThread [stack: 0x000000a694000000,0x000000a694100000] [id=45952]
  0x000001b692623a30 GCTaskThread "GC Thread#0" [stack: 0x000000a692f00000,0x000000a693000000] [id=16088]
  0x000001b6adee76b0 GCTaskThread "GC Thread#1" [stack: 0x000000a694200000,0x000000a694300000] [id=33216]
  0x000001b6ad920990 GCTaskThread "GC Thread#2" [stack: 0x000000a694300000,0x000000a694400000] [id=47524]
  0x000001b6ae05d890 GCTaskThread "GC Thread#3" [stack: 0x000000a694400000,0x000000a694500000] [id=51924]
  0x000001b6add4eb50 GCTaskThread "GC Thread#4" [stack: 0x000000a694500000,0x000000a694600000] [id=49124]
  0x000001b6add4f620 GCTaskThread "GC Thread#5" [stack: 0x000000a694600000,0x000000a694700000] [id=10180]
  0x000001b6af81f0f0 GCTaskThread "GC Thread#6" [stack: 0x000000a695000000,0x000000a695100000] [id=41696]
  0x000001b6afe80d10 GCTaskThread "GC Thread#7" [stack: 0x000000a695100000,0x000000a695200000] [id=35480]
  0x000001b692634970 ConcurrentGCThread "G1 Main Marker" [stack: 0x000000a693000000,0x000000a693100000] [id=51016]
  0x000001b692635b20 ConcurrentGCThread "G1 Conc#0" [stack: 0x000000a693100000,0x000000a693200000] [id=47772]
  0x000001b6ae6c31f0 ConcurrentGCThread "G1 Conc#1" [stack: 0x000000a695200000,0x000000a695300000] [id=46792]
  0x000001b6ac2c4980 ConcurrentGCThread "G1 Refine#0" [stack: 0x000000a693200000,0x000000a693300000] [id=49816]
  0x000001b6b007e6c0 ConcurrentGCThread "G1 Refine#1" [stack: 0x000000a696200000,0x000000a696300000] [id=28276]
  0x000001b6ac2c53a0 ConcurrentGCThread "G1 Service" [stack: 0x000000a693300000,0x000000a693400000] [id=9732]

Threads with active compile tasks:
C2 CompilerThread0    11347 8712       4       org.objectweb.asm.ByteVector::encodeUtf8 (337 bytes)
C2 CompilerThread1    11347 8715       4       org.gradle.internal.operations.DefaultBuildOperationListenerManager$ProgressShieldingBuildOperationListener::started (29 bytes)
C2 CompilerThread2    11348 8661       4       org.objectweb.asm.Type::getType (122 bytes)

VM state: not at safepoint (normal execution)

VM Mutex/Monitor currently owned by a thread: None

Heap address: 0x0000000080000000, size: 2048 MB, Compressed Oops mode: 32-bit

CDS archive(s) not mapped
Compressed class space mapped at: 0x0000000100000000-0x0000000140000000, reserved size: 1073741824
Narrow klass base: 0x0000000000000000, Narrow klass shift: 3, Narrow klass range: 0x140000000

GC Precious Log:
 CPUs: 8 total, 8 available
 Memory: 16057M
 Large Page Support: Disabled
 NUMA Support: Disabled
 Compressed Oops: Enabled (32-bit)
 Heap Region Size: 1M
 Heap Min Capacity: 8M
 Heap Initial Capacity: 252M
 Heap Max Capacity: 2G
 Pre-touch: Disabled
 Parallel Workers: 8
 Concurrent Workers: 2
 Concurrent Refinement Workers: 8
 Periodic GC: Disabled

Heap:
 garbage-first heap   total 155648K, used 96698K [0x0000000080000000, 0x0000000100000000)
  region size 1024K, 31 young (31744K), 8 survivors (8192K)
 Metaspace       used 87927K, committed 88448K, reserved 1130496K
  class space    used 11938K, committed 12160K, reserved 1048576K

Heap Regions: E=young(eden), S=young(survivor), O=old, HS=humongous(starts), HC=humongous(continues), CS=collection set, F=free, OA=open archive, CA=closed archive, TAMS=top-at-mark-start (previous, next)
|   0|0x0000000080000000, 0x0000000080100000, 0x0000000080100000|100%|HS|  |TAMS 0x0000000080100000, 0x0000000080100000| Complete 
|   1|0x0000000080100000, 0x0000000080200000, 0x0000000080200000|100%|HC|  |TAMS 0x0000000080200000, 0x0000000080200000| Complete 
|   2|0x0000000080200000, 0x0000000080300000, 0x0000000080300000|100%|HC|  |TAMS 0x0000000080300000, 0x0000000080300000| Complete 
|   3|0x0000000080300000, 0x0000000080400000, 0x0000000080400000|100%|HC|  |TAMS 0x0000000080400000, 0x0000000080400000| Complete 
|   4|0x0000000080400000, 0x0000000080500000, 0x0000000080500000|100%| O|  |TAMS 0x0000000080500000, 0x0000000080500000| Untracked 
|   5|0x0000000080500000, 0x0000000080600000, 0x0000000080600000|100%| O|  |TAMS 0x0000000080600000, 0x0000000080600000| Untracked 
|   6|0x0000000080600000, 0x0000000080700000, 0x0000000080700000|100%| O|  |TAMS 0x0000000080700000, 0x0000000080700000| Untracked 
|   7|0x0000000080700000, 0x0000000080800000, 0x0000000080800000|100%| O|  |TAMS 0x0000000080800000, 0x0000000080800000| Untracked 
|   8|0x0000000080800000, 0x0000000080900000, 0x0000000080900000|100%| O|  |TAMS 0x0000000080900000, 0x0000000080900000| Untracked 
|   9|0x0000000080900000, 0x0000000080a00000, 0x0000000080a00000|100%| O|  |TAMS 0x0000000080a00000, 0x0000000080a00000| Untracked 
|  10|0x0000000080a00000, 0x0000000080b00000, 0x0000000080b00000|100%| O|  |TAMS 0x0000000080b00000, 0x0000000080b00000| Untracked 
|  11|0x0000000080b00000, 0x0000000080c00000, 0x0000000080c00000|100%| O|  |TAMS 0x0000000080b00000, 0x0000000080c00000| Untracked 
|  12|0x0000000080c00000, 0x0000000080d00000, 0x0000000080d00000|100%| O|  |TAMS 0x0000000080d00000, 0x0000000080d00000| Untracked 
|  13|0x0000000080d00000, 0x0000000080e00000, 0x0000000080e00000|100%| O|  |TAMS 0x0000000080e00000, 0x0000000080e00000| Untracked 
|  14|0x0000000080e00000, 0x0000000080f00000, 0x0000000080f00000|100%| O|  |TAMS 0x0000000080f00000, 0x0000000080f00000| Untracked 
|  15|0x0000000080f00000, 0x0000000081000000, 0x0000000081000000|100%| O|  |TAMS 0x0000000081000000, 0x0000000081000000| Untracked 
|  16|0x0000000081000000, 0x0000000081100000, 0x0000000081100000|100%| O|  |TAMS 0x0000000081100000, 0x0000000081100000| Untracked 
|  17|0x0000000081100000, 0x0000000081200000, 0x0000000081200000|100%| O|  |TAMS 0x0000000081200000, 0x0000000081200000| Untracked 
|  18|0x0000000081200000, 0x0000000081300000, 0x0000000081300000|100%| O|  |TAMS 0x0000000081300000, 0x0000000081300000| Untracked 
|  19|0x0000000081300000, 0x0000000081400000, 0x0000000081400000|100%| O|  |TAMS 0x0000000081400000, 0x0000000081400000| Untracked 
|  20|0x0000000081400000, 0x0000000081500000, 0x0000000081500000|100%| O|  |TAMS 0x0000000081500000, 0x0000000081500000| Untracked 
|  21|0x0000000081500000, 0x0000000081600000, 0x0000000081600000|100%| O|  |TAMS 0x0000000081600000, 0x0000000081600000| Untracked 
|  22|0x0000000081600000, 0x0000000081700000, 0x0000000081700000|100%| O|  |TAMS 0x0000000081700000, 0x0000000081700000| Untracked 
|  23|0x0000000081700000, 0x0000000081800000, 0x0000000081800000|100%| O|  |TAMS 0x0000000081800000, 0x0000000081800000| Untracked 
|  24|0x0000000081800000, 0x0000000081900000, 0x0000000081900000|100%| O|  |TAMS 0x0000000081800000, 0x0000000081800000| Untracked 
|  25|0x0000000081900000, 0x0000000081a00000, 0x0000000081a00000|100%| O|  |TAMS 0x0000000081a00000, 0x0000000081a00000| Untracked 
|  26|0x0000000081a00000, 0x0000000081b00000, 0x0000000081b00000|100%| O|  |TAMS 0x0000000081b00000, 0x0000000081b00000| Untracked 
|  27|0x0000000081b00000, 0x0000000081c00000, 0x0000000081c00000|100%| O|  |TAMS 0x0000000081c00000, 0x0000000081c00000| Untracked 
|  28|0x0000000081c00000, 0x0000000081d00000, 0x0000000081d00000|100%| O|  |TAMS 0x0000000081d00000, 0x0000000081d00000| Untracked 
|  29|0x0000000081d00000, 0x0000000081e00000, 0x0000000081e00000|100%| O|  |TAMS 0x0000000081e00000, 0x0000000081e00000| Untracked 
|  30|0x0000000081e00000, 0x0000000081f00000, 0x0000000081f00000|100%| O|  |TAMS 0x0000000081f00000, 0x0000000081f00000| Untracked 
|  31|0x0000000081f00000, 0x0000000082000000, 0x0000000082000000|100%| O|  |TAMS 0x0000000082000000, 0x0000000082000000| Untracked 
|  32|0x0000000082000000, 0x0000000082100000, 0x0000000082100000|100%| O|  |TAMS 0x0000000082100000, 0x0000000082100000| Untracked 
|  33|0x0000000082100000, 0x0000000082200000, 0x0000000082200000|100%| O|  |TAMS 0x0000000082200000, 0x0000000082200000| Untracked 
|  34|0x0000000082200000, 0x0000000082300000, 0x0000000082300000|100%| O|  |TAMS 0x0000000082300000, 0x0000000082300000| Untracked 
|  35|0x0000000082300000, 0x0000000082400000, 0x0000000082400000|100%| O|  |TAMS 0x0000000082400000, 0x0000000082400000| Untracked 
|  36|0x0000000082400000, 0x0000000082500000, 0x0000000082500000|100%| O|  |TAMS 0x0000000082500000, 0x0000000082500000| Untracked 
|  37|0x0000000082500000, 0x0000000082600000, 0x0000000082600000|100%| O|  |TAMS 0x0000000082600000, 0x0000000082600000| Untracked 
|  38|0x0000000082600000, 0x0000000082700000, 0x0000000082700000|100%| O|  |TAMS 0x0000000082700000, 0x0000000082700000| Untracked 
|  39|0x0000000082700000, 0x0000000082800000, 0x0000000082800000|100%|HS|  |TAMS 0x0000000082800000, 0x0000000082800000| Complete 
|  40|0x0000000082800000, 0x0000000082900000, 0x0000000082900000|100%|HS|  |TAMS 0x0000000082900000, 0x0000000082900000| Complete 
|  41|0x0000000082900000, 0x0000000082a00000, 0x0000000082a00000|100%|HS|  |TAMS 0x0000000082a00000, 0x0000000082a00000| Complete 
|  42|0x0000000082a00000, 0x0000000082b00000, 0x0000000082b00000|100%|HS|  |TAMS 0x0000000082b00000, 0x0000000082b00000| Complete 
|  43|0x0000000082b00000, 0x0000000082c00000, 0x0000000082c00000|100%|HC|  |TAMS 0x0000000082c00000, 0x0000000082c00000| Complete 
|  44|0x0000000082c00000, 0x0000000082d00000, 0x0000000082d00000|100%|HS|  |TAMS 0x0000000082d00000, 0x0000000082d00000| Complete 
|  45|0x0000000082d00000, 0x0000000082e00000, 0x0000000082e00000|100%|HC|  |TAMS 0x0000000082e00000, 0x0000000082e00000| Complete 
|  46|0x0000000082e00000, 0x0000000082f00000, 0x0000000082f00000|100%|HC|  |TAMS 0x0000000082f00000, 0x0000000082f00000| Complete 
|  47|0x0000000082f00000, 0x0000000083000000, 0x0000000083000000|100%|HC|  |TAMS 0x0000000083000000, 0x0000000083000000| Complete 
|  48|0x0000000083000000, 0x0000000083100000, 0x0000000083100000|100%| O|  |TAMS 0x0000000083100000, 0x0000000083100000| Untracked 
|  49|0x0000000083100000, 0x0000000083200000, 0x0000000083200000|100%| O|  |TAMS 0x0000000083200000, 0x0000000083200000| Untracked 
|  50|0x0000000083200000, 0x0000000083300000, 0x0000000083300000|100%| O|  |TAMS 0x0000000083300000, 0x0000000083300000| Untracked 
|  51|0x0000000083300000, 0x0000000083400000, 0x0000000083400000|100%| O|  |TAMS 0x0000000083400000, 0x0000000083400000| Untracked 
|  52|0x0000000083400000, 0x0000000083500000, 0x0000000083500000|100%| O|  |TAMS 0x00000000834ed200, 0x0000000083500000| Untracked 
|  53|0x0000000083500000, 0x0000000083600000, 0x0000000083600000|100%| O|  |TAMS 0x0000000083600000, 0x0000000083600000| Untracked 
|  54|0x0000000083600000, 0x0000000083700000, 0x0000000083700000|100%| O|  |TAMS 0x0000000083700000, 0x0000000083700000| Untracked 
|  55|0x0000000083700000, 0x0000000083800000, 0x0000000083800000|100%| O|  |TAMS 0x0000000083800000, 0x0000000083800000| Untracked 
|  56|0x0000000083800000, 0x0000000083900000, 0x0000000083900000|100%| O|  |TAMS 0x0000000083800000, 0x0000000083800e00| Untracked 
|  57|0x0000000083900000, 0x0000000083a00000, 0x0000000083a00000|100%| O|  |TAMS 0x0000000083900000, 0x0000000083900000| Untracked 
|  58|0x0000000083a00000, 0x0000000083b00000, 0x0000000083b00000|100%| O|  |TAMS 0x0000000083a00000, 0x0000000083a00000| Untracked 
|  59|0x0000000083b00000, 0x0000000083c00000, 0x0000000083c00000|100%| O|  |TAMS 0x0000000083b00000, 0x0000000083b00000| Untracked 
|  60|0x0000000083c00000, 0x0000000083d00000, 0x0000000083d00000|100%| O|  |TAMS 0x0000000083c00000, 0x0000000083c00000| Untracked 
|  61|0x0000000083d00000, 0x0000000083e00000, 0x0000000083e00000|100%| O|  |TAMS 0x0000000083d00000, 0x0000000083d00000| Untracked 
|  62|0x0000000083e00000, 0x0000000083f00000, 0x0000000083f00000|100%| O|  |TAMS 0x0000000083e00000, 0x0000000083e00000| Untracked 
|  63|0x0000000083f00000, 0x0000000083f00000, 0x0000000084000000|  0%| F|  |TAMS 0x0000000083f00000, 0x0000000083f00000| Untracked 
|  64|0x0000000084000000, 0x000000008406e800, 0x0000000084100000| 43%| O|  |TAMS 0x0000000084000000, 0x0000000084000000| Untracked 
|  65|0x0000000084100000, 0x0000000084100000, 0x0000000084200000|  0%| F|  |TAMS 0x0000000084100000, 0x0000000084100000| Untracked 
|  66|0x0000000084200000, 0x0000000084200000, 0x0000000084300000|  0%| F|  |TAMS 0x0000000084200000, 0x0000000084200000| Untracked 
|  67|0x0000000084300000, 0x0000000084300000, 0x0000000084400000|  0%| F|  |TAMS 0x0000000084300000, 0x0000000084300000| Untracked 
|  68|0x0000000084400000, 0x0000000084400000, 0x0000000084500000|  0%| F|  |TAMS 0x0000000084400000, 0x0000000084400000| Untracked 
|  69|0x0000000084500000, 0x0000000084500000, 0x0000000084600000|  0%| F|  |TAMS 0x0000000084500000, 0x0000000084500000| Untracked 
|  70|0x0000000084600000, 0x0000000084600000, 0x0000000084700000|  0%| F|  |TAMS 0x0000000084600000, 0x0000000084600000| Untracked 
|  71|0x0000000084700000, 0x0000000084700000, 0x0000000084800000|  0%| F|  |TAMS 0x0000000084700000, 0x0000000084700000| Untracked 
|  72|0x0000000084800000, 0x0000000084800000, 0x0000000084900000|  0%| F|  |TAMS 0x0000000084800000, 0x0000000084800000| Untracked 
|  73|0x0000000084900000, 0x0000000084900000, 0x0000000084a00000|  0%| F|  |TAMS 0x0000000084900000, 0x0000000084900000| Untracked 
|  74|0x0000000084a00000, 0x0000000084a00000, 0x0000000084b00000|  0%| F|  |TAMS 0x0000000084a00000, 0x0000000084a00000| Untracked 
|  75|0x0000000084b00000, 0x0000000084b00000, 0x0000000084c00000|  0%| F|  |TAMS 0x0000000084b00000, 0x0000000084b00000| Untracked 
|  76|0x0000000084c00000, 0x0000000084c00000, 0x0000000084d00000|  0%| F|  |TAMS 0x0000000084c00000, 0x0000000084c00000| Untracked 
|  77|0x0000000084d00000, 0x0000000084d00000, 0x0000000084e00000|  0%| F|  |TAMS 0x0000000084d00000, 0x0000000084d00000| Untracked 
|  78|0x0000000084e00000, 0x0000000084e00000, 0x0000000084f00000|  0%| F|  |TAMS 0x0000000084e00000, 0x0000000084e00000| Untracked 
|  79|0x0000000084f00000, 0x0000000084f00000, 0x0000000085000000|  0%| F|  |TAMS 0x0000000084f00000, 0x0000000084f00000| Untracked 
|  80|0x0000000085000000, 0x0000000085000000, 0x0000000085100000|  0%| F|  |TAMS 0x0000000085000000, 0x0000000085000000| Untracked 
|  81|0x0000000085100000, 0x0000000085100000, 0x0000000085200000|  0%| F|  |TAMS 0x0000000085100000, 0x0000000085100000| Untracked 
|  82|0x0000000085200000, 0x0000000085200000, 0x0000000085300000|  0%| F|  |TAMS 0x0000000085200000, 0x0000000085200000| Untracked 
|  83|0x0000000085300000, 0x0000000085300000, 0x0000000085400000|  0%| F|  |TAMS 0x0000000085300000, 0x0000000085300000| Untracked 
|  84|0x0000000085400000, 0x0000000085400000, 0x0000000085500000|  0%| F|  |TAMS 0x0000000085400000, 0x0000000085400000| Untracked 
|  85|0x0000000085500000, 0x0000000085500000, 0x0000000085600000|  0%| F|  |TAMS 0x0000000085500000, 0x0000000085500000| Untracked 
|  86|0x0000000085600000, 0x0000000085700000, 0x0000000085700000|100%| S|CS|TAMS 0x0000000085600000, 0x0000000085600000| Complete 
|  87|0x0000000085700000, 0x0000000085800000, 0x0000000085800000|100%| S|CS|TAMS 0x0000000085700000, 0x0000000085700000| Complete 
|  88|0x0000000085800000, 0x0000000085900000, 0x0000000085900000|100%| S|CS|TAMS 0x0000000085800000, 0x0000000085800000| Complete 
|  89|0x0000000085900000, 0x0000000085a00000, 0x0000000085a00000|100%| S|CS|TAMS 0x0000000085900000, 0x0000000085900000| Complete 
|  90|0x0000000085a00000, 0x0000000085b00000, 0x0000000085b00000|100%| S|CS|TAMS 0x0000000085a00000, 0x0000000085a00000| Complete 
|  91|0x0000000085b00000, 0x0000000085c00000, 0x0000000085c00000|100%| S|CS|TAMS 0x0000000085b00000, 0x0000000085b00000| Complete 
|  92|0x0000000085c00000, 0x0000000085c00000, 0x0000000085d00000|  0%| F|  |TAMS 0x0000000085c00000, 0x0000000085c00000| Untracked 
|  93|0x0000000085d00000, 0x0000000085d00000, 0x0000000085e00000|  0%| F|  |TAMS 0x0000000085d00000, 0x0000000085d00000| Untracked 
|  94|0x0000000085e00000, 0x0000000085e00000, 0x0000000085f00000|  0%| F|  |TAMS 0x0000000085e00000, 0x0000000085e00000| Untracked 
|  95|0x0000000085f00000, 0x0000000085f00000, 0x0000000086000000|  0%| F|  |TAMS 0x0000000085f00000, 0x0000000085f00000| Untracked 
|  96|0x0000000086000000, 0x0000000086100000, 0x0000000086100000|100%| S|CS|TAMS 0x0000000086000000, 0x0000000086000000| Complete 
|  97|0x0000000086100000, 0x0000000086200000, 0x0000000086200000|100%| S|CS|TAMS 0x0000000086100000, 0x0000000086100000| Complete 
|  98|0x0000000086200000, 0x0000000086200000, 0x0000000086300000|  0%| F|  |TAMS 0x0000000086200000, 0x0000000086200000| Untracked 
|  99|0x0000000086300000, 0x0000000086300000, 0x0000000086400000|  0%| F|  |TAMS 0x0000000086300000, 0x0000000086300000| Untracked 
| 100|0x0000000086400000, 0x0000000086400000, 0x0000000086500000|  0%| F|  |TAMS 0x0000000086400000, 0x0000000086400000| Untracked 
| 101|0x0000000086500000, 0x0000000086500000, 0x0000000086600000|  0%| F|  |TAMS 0x0000000086500000, 0x0000000086500000| Untracked 
| 102|0x0000000086600000, 0x0000000086600000, 0x0000000086700000|  0%| F|  |TAMS 0x0000000086600000, 0x0000000086600000| Untracked 
| 103|0x0000000086700000, 0x0000000086700000, 0x0000000086800000|  0%| F|  |TAMS 0x0000000086700000, 0x0000000086700000| Untracked 
| 104|0x0000000086800000, 0x0000000086800000, 0x0000000086900000|  0%| F|  |TAMS 0x0000000086800000, 0x0000000086800000| Untracked 
| 105|0x0000000086900000, 0x0000000086900000, 0x0000000086a00000|  0%| F|  |TAMS 0x0000000086900000, 0x0000000086900000| Untracked 
| 106|0x0000000086a00000, 0x0000000086a00000, 0x0000000086b00000|  0%| F|  |TAMS 0x0000000086a00000, 0x0000000086a00000| Untracked 
| 107|0x0000000086b00000, 0x0000000086b00000, 0x0000000086c00000|  0%| F|  |TAMS 0x0000000086b00000, 0x0000000086b00000| Untracked 
| 108|0x0000000086c00000, 0x0000000086c00000, 0x0000000086d00000|  0%| F|  |TAMS 0x0000000086c00000, 0x0000000086c00000| Untracked 
| 109|0x0000000086d00000, 0x0000000086d00000, 0x0000000086e00000|  0%| F|  |TAMS 0x0000000086d00000, 0x0000000086d00000| Untracked 
| 110|0x0000000086e00000, 0x0000000086e00000, 0x0000000086f00000|  0%| F|  |TAMS 0x0000000086e00000, 0x0000000086e00000| Untracked 
| 111|0x0000000086f00000, 0x0000000086f00000, 0x0000000087000000|  0%| F|  |TAMS 0x0000000086f00000, 0x0000000086f00000| Untracked 
| 112|0x0000000087000000, 0x0000000087000000, 0x0000000087100000|  0%| F|  |TAMS 0x0000000087000000, 0x0000000087000000| Untracked 
| 113|0x0000000087100000, 0x0000000087100000, 0x0000000087200000|  0%| F|  |TAMS 0x0000000087100000, 0x0000000087100000| Untracked 
| 114|0x0000000087200000, 0x0000000087200000, 0x0000000087300000|  0%| F|  |TAMS 0x0000000087200000, 0x0000000087200000| Untracked 
| 115|0x0000000087300000, 0x0000000087300000, 0x0000000087400000|  0%| F|  |TAMS 0x0000000087300000, 0x0000000087300000| Untracked 
| 116|0x0000000087400000, 0x0000000087400000, 0x0000000087500000|  0%| F|  |TAMS 0x0000000087400000, 0x0000000087400000| Untracked 
| 117|0x0000000087500000, 0x0000000087500000, 0x0000000087600000|  0%| F|  |TAMS 0x0000000087500000, 0x0000000087500000| Untracked 
| 118|0x0000000087600000, 0x0000000087600000, 0x0000000087700000|  0%| F|  |TAMS 0x0000000087600000, 0x0000000087600000| Untracked 
| 119|0x0000000087700000, 0x0000000087700000, 0x0000000087800000|  0%| F|  |TAMS 0x0000000087700000, 0x0000000087700000| Untracked 
| 120|0x0000000087800000, 0x0000000087800000, 0x0000000087900000|  0%| F|  |TAMS 0x0000000087800000, 0x0000000087800000| Untracked 
| 121|0x0000000087900000, 0x0000000087900000, 0x0000000087a00000|  0%| F|  |TAMS 0x0000000087900000, 0x0000000087900000| Untracked 
| 122|0x0000000087a00000, 0x0000000087a00000, 0x0000000087b00000|  0%| F|  |TAMS 0x0000000087a00000, 0x0000000087a00000| Untracked 
| 123|0x0000000087b00000, 0x0000000087b00000, 0x0000000087c00000|  0%| F|  |TAMS 0x0000000087b00000, 0x0000000087b00000| Untracked 
| 124|0x0000000087c00000, 0x0000000087c00000, 0x0000000087d00000|  0%| F|  |TAMS 0x0000000087c00000, 0x0000000087c00000| Untracked 
| 125|0x0000000087d00000, 0x0000000087d00000, 0x0000000087e00000|  0%| F|  |TAMS 0x0000000087d00000, 0x0000000087d00000| Untracked 
| 126|0x0000000087e00000, 0x0000000087e00000, 0x0000000087f00000|  0%| F|  |TAMS 0x0000000087e00000, 0x0000000087e00000| Untracked 
| 127|0x0000000087f00000, 0x0000000087f00000, 0x0000000088000000|  0%| F|  |TAMS 0x0000000087f00000, 0x0000000087f00000| Untracked 
| 128|0x0000000088000000, 0x0000000088100000, 0x0000000088100000|100%| E|  |TAMS 0x0000000088000000, 0x0000000088000000| Complete 
| 129|0x0000000088100000, 0x0000000088200000, 0x0000000088200000|100%| E|CS|TAMS 0x0000000088100000, 0x0000000088100000| Complete 
| 130|0x0000000088200000, 0x0000000088300000, 0x0000000088300000|100%| E|CS|TAMS 0x0000000088200000, 0x0000000088200000| Complete 
| 131|0x0000000088300000, 0x0000000088400000, 0x0000000088400000|100%| E|CS|TAMS 0x0000000088300000, 0x0000000088300000| Complete 
| 132|0x0000000088400000, 0x0000000088500000, 0x0000000088500000|100%| E|CS|TAMS 0x0000000088400000, 0x0000000088400000| Complete 
| 133|0x0000000088500000, 0x0000000088600000, 0x0000000088600000|100%| E|CS|TAMS 0x0000000088500000, 0x0000000088500000| Complete 
| 134|0x0000000088600000, 0x0000000088700000, 0x0000000088700000|100%| E|CS|TAMS 0x0000000088600000, 0x0000000088600000| Complete 
| 135|0x0000000088700000, 0x0000000088800000, 0x0000000088800000|100%| E|CS|TAMS 0x0000000088700000, 0x0000000088700000| Complete 
| 136|0x0000000088800000, 0x0000000088900000, 0x0000000088900000|100%| E|CS|TAMS 0x0000000088800000, 0x0000000088800000| Complete 
| 137|0x0000000088900000, 0x0000000088a00000, 0x0000000088a00000|100%| E|CS|TAMS 0x0000000088900000, 0x0000000088900000| Complete 
| 138|0x0000000088a00000, 0x0000000088b00000, 0x0000000088b00000|100%| E|CS|TAMS 0x0000000088a00000, 0x0000000088a00000| Complete 
| 139|0x0000000088b00000, 0x0000000088c00000, 0x0000000088c00000|100%| E|CS|TAMS 0x0000000088b00000, 0x0000000088b00000| Complete 
| 140|0x0000000088c00000, 0x0000000088d00000, 0x0000000088d00000|100%| E|CS|TAMS 0x0000000088c00000, 0x0000000088c00000| Complete 
| 199|0x000000008c700000, 0x000000008c800000, 0x000000008c800000|100%| E|CS|TAMS 0x000000008c700000, 0x000000008c700000| Complete 
| 200|0x000000008c800000, 0x000000008c900000, 0x000000008c900000|100%| E|CS|TAMS 0x000000008c800000, 0x000000008c800000| Complete 
| 201|0x000000008c900000, 0x000000008ca00000, 0x000000008ca00000|100%| E|CS|TAMS 0x000000008c900000, 0x000000008c900000| Complete 
| 202|0x000000008ca00000, 0x000000008cb00000, 0x000000008cb00000|100%| E|CS|TAMS 0x000000008ca00000, 0x000000008ca00000| Complete 
| 203|0x000000008cb00000, 0x000000008cc00000, 0x000000008cc00000|100%| E|CS|TAMS 0x000000008cb00000, 0x000000008cb00000| Complete 
| 204|0x000000008cc00000, 0x000000008cd00000, 0x000000008cd00000|100%| E|CS|TAMS 0x000000008cc00000, 0x000000008cc00000| Complete 
| 205|0x000000008cd00000, 0x000000008ce00000, 0x000000008ce00000|100%| E|CS|TAMS 0x000000008cd00000, 0x000000008cd00000| Complete 
| 206|0x000000008ce00000, 0x000000008cf00000, 0x000000008cf00000|100%| E|CS|TAMS 0x000000008ce00000, 0x000000008ce00000| Complete 
| 207|0x000000008cf00000, 0x000000008d000000, 0x000000008d000000|100%| E|CS|TAMS 0x000000008cf00000, 0x000000008cf00000| Complete 
| 251|0x000000008fb00000, 0x000000008fc00000, 0x000000008fc00000|100%| E|CS|TAMS 0x000000008fb00000, 0x000000008fb00000| Complete 
|2047|0x00000000fff00000, 0x0000000100000000, 0x0000000100000000|100%| O|  |TAMS 0x0000000100000000, 0x0000000100000000| Untracked 

Card table byte_map: [0x000001b6a51c0000,0x000001b6a55c0000] _byte_map_base: 0x000001b6a4dc0000

Marking Bits (Prev, Next): (CMBitMap*) 0x000001b692624080, (CMBitMap*) 0x000001b692624040
 Prev Bits: [0x000001b6a79c0000, 0x000001b6a99c0000)
 Next Bits: [0x000001b6a59c0000, 0x000001b6a79c0000)

Polling page: 0x000001b690740000

Metaspace:

Usage:
  Non-class:     74.27 MB used.
      Class:     11.67 MB used.
       Both:     85.94 MB used.

Virtual space:
  Non-class space:       80.00 MB reserved,      74.56 MB ( 93%) committed,  10 nodes.
      Class space:        1.00 GB reserved,      11.94 MB (  1%) committed,  1 nodes.
             Both:        1.08 GB reserved,      86.50 MB (  8%) committed. 

Chunk freelists:
   Non-Class:  1.19 MB
       Class:  48.00 KB
        Both:  1.23 MB

MaxMetaspaceSize: unlimited
CompressedClassSpaceSize: 1.00 GB
Initial GC threshold: 21.00 MB
Current GC threshold: 106.06 MB
CDS: off
MetaspaceReclaimPolicy: balanced
 - commit_granule_bytes: 65536.
 - commit_granule_words: 8192.
 - virtual_space_node_default_size: 1048576.
 - enlarge_chunks_in_place: 1.
 - new_chunks_are_fully_committed: 0.
 - uncommit_free_chunks: 1.
 - use_allocation_guard: 0.
 - handle_deallocations: 1.


Internal statistics:

num_allocs_failed_limit: 6.
num_arena_births: 812.
num_arena_deaths: 0.
num_vsnodes_births: 11.
num_vsnodes_deaths: 0.
num_space_committed: 1384.
num_space_uncommitted: 0.
num_chunks_returned_to_freelist: 6.
num_chunks_taken_from_freelist: 3732.
num_chunk_merges: 3.
num_chunk_splits: 2556.
num_chunks_enlarged: 1801.
num_purges: 0.
num_inconsistent_stats: 0.

CodeHeap 'non-profiled nmethods': size=120000Kb used=5004Kb max_used=5004Kb free=114995Kb
 bounds [0x000001b69d560000, 0x000001b69da50000, 0x000001b6a4a90000]
CodeHeap 'profiled nmethods': size=120000Kb used=15222Kb max_used=15222Kb free=104777Kb
 bounds [0x000001b695a90000, 0x000001b696970000, 0x000001b69cfc0000]
CodeHeap 'non-nmethods': size=5760Kb used=2447Kb max_used=2483Kb free=3312Kb
 bounds [0x000001b69cfc0000, 0x000001b69d230000, 0x000001b69d560000]
 total_blobs=8885 nmethods=7923 adapters=872
 compilation: enabled
              stopped_count=0, restarted_count=0
 full_count=0

Compilation events (20 events):
Event: 11.289 Thread 0x000001b6ad0b4e10 nmethod 8674 0x000001b696954290 code [0x000001b696954460, 0x000001b696954818]
Event: 11.289 Thread 0x000001b6ad0b4e10 8675       1       org.gradle.api.internal.artifacts.configurations.DefaultConfiguration::isCanBeResolved (5 bytes)
Event: 11.289 Thread 0x000001b6ad0b4e10 nmethod 8675 0x000001b69da38290 code [0x000001b69da38420, 0x000001b69da384f8]
Event: 11.291 Thread 0x000001b6ad0b4e10 8676       3       org.gradle.model.internal.asm.ClassVisitorScope::addMethod (11 bytes)
Event: 11.291 Thread 0x000001b6ad0b4e10 nmethod 8676 0x000001b696954910 code [0x000001b696954ac0, 0x000001b696954c08]
Event: 11.292 Thread 0x000001b6ad0b4e10 8677       3       java.lang.Class::searchFields (43 bytes)
Event: 11.292 Thread 0x000001b6ad0b4e10 nmethod 8677 0x000001b696954d10 code [0x000001b696954ec0, 0x000001b696955168]
Event: 11.293 Thread 0x000001b6ad0b4e10 8678       3       java.lang.Class::getDeclaredAnnotations (11 bytes)
Event: 11.293 Thread 0x000001b6ad0b4e10 nmethod 8678 0x000001b696955310 code [0x000001b6969554e0, 0x000001b696955908]
Event: 11.294 Thread 0x000001b6ad0b4e10 8679       2       java.lang.Class::privateGetDeclaredMethods (64 bytes)
Event: 11.294 Thread 0x000001b6ad0b4e10 nmethod 8679 0x000001b696955a90 code [0x000001b696955c80, 0x000001b696956058]
Event: 11.294 Thread 0x000001b6ad0b4e10 8680       3       com.google.common.collect.AbstractMapBasedMultimap::<init> (19 bytes)
Event: 11.295 Thread 0x000001b6ad0b4e10 nmethod 8680 0x000001b696956290 code [0x000001b696956460, 0x000001b696956898]
Event: 11.299 Thread 0x000001b6ad0b4e10 8681       2       java.util.ArrayList$Itr::<init> (26 bytes)
Event: 11.299 Thread 0x000001b6ad0b4e10 nmethod 8681 0x000001b696956a10 code [0x000001b696956ba0, 0x000001b696956cf8]
Event: 11.299 Thread 0x000001b6adde2c00 nmethod 8671 0x000001b69da38590 code [0x000001b69da387a0, 0x000001b69da39038]
Event: 11.299 Thread 0x000001b6adde2c00 8672       4       org.gradle.internal.time.MonotonicClock::syncIsDue (28 bytes)
Event: 11.300 Thread 0x000001b6adde2c00 nmethod 8672 0x000001b69da39890 code [0x000001b69da39a00, 0x000001b69da39ab8]
Event: 11.300 Thread 0x000001b6adde2c00 8673       4       org.gradle.internal.logging.slf4j.OutputEventListenerBackedLogger::isLevelAtMost (20 bytes)
Event: 11.301 Thread 0x000001b6adde2c00 nmethod 8673 0x000001b69da39b90 code [0x000001b69da39d20, 0x000001b69da39e18]

GC Heap History (20 events):
Event: 7.530 GC heap before
{Heap before GC invocations=16 (full 0):
 garbage-first heap   total 71680K, used 55627K [0x0000000080000000, 0x0000000100000000)
  region size 1024K, 20 young (20480K), 3 survivors (3072K)
 Metaspace       used 60405K, committed 60864K, reserved 1105920K
  class space    used 8034K, committed 8256K, reserved 1048576K
}
Event: 7.533 GC heap after
{Heap after GC invocations=17 (full 0):
 garbage-first heap   total 86016K, used 41577K [0x0000000080000000, 0x0000000100000000)
  region size 1024K, 3 young (3072K), 3 survivors (3072K)
 Metaspace       used 60405K, committed 60864K, reserved 1105920K
  class space    used 8034K, committed 8256K, reserved 1048576K
}
Event: 7.833 GC heap before
{Heap before GC invocations=18 (full 0):
 garbage-first heap   total 86016K, used 75369K [0x0000000080000000, 0x0000000100000000)
  region size 1024K, 27 young (27648K), 3 survivors (3072K)
 Metaspace       used 62321K, committed 62784K, reserved 1105920K
  class space    used 8283K, committed 8512K, reserved 1048576K
}
Event: 7.836 GC heap after
{Heap after GC invocations=19 (full 0):
 garbage-first heap   total 87040K, used 57303K [0x0000000080000000, 0x0000000100000000)
  region size 1024K, 4 young (4096K), 4 survivors (4096K)
 Metaspace       used 62321K, committed 62784K, reserved 1105920K
  class space    used 8283K, committed 8512K, reserved 1048576K
}
Event: 7.853 GC heap before
{Heap before GC invocations=19 (full 0):
 garbage-first heap   total 87040K, used 58327K [0x0000000080000000, 0x0000000100000000)
  region size 1024K, 5 young (5120K), 4 survivors (4096K)
 Metaspace       used 62465K, committed 62976K, reserved 1105920K
  class space    used 8308K, committed 8576K, reserved 1048576K
}
Event: 7.855 GC heap after
{Heap after GC invocations=20 (full 0):
 garbage-first heap   total 87040K, used 57556K [0x0000000080000000, 0x0000000100000000)
  region size 1024K, 1 young (1024K), 1 survivors (1024K)
 Metaspace       used 62465K, committed 62976K, reserved 1105920K
  class space    used 8308K, committed 8576K, reserved 1048576K
}
Event: 8.051 GC heap before
{Heap before GC invocations=20 (full 0):
 garbage-first heap   total 87040K, used 70868K [0x0000000080000000, 0x0000000100000000)
  region size 1024K, 14 young (14336K), 1 survivors (1024K)
 Metaspace       used 64258K, committed 64768K, reserved 1105920K
  class space    used 8555K, committed 8832K, reserved 1048576K
}
Event: 8.053 GC heap after
{Heap after GC invocations=21 (full 0):
 garbage-first heap   total 87040K, used 57982K [0x0000000080000000, 0x0000000100000000)
  region size 1024K, 1 young (1024K), 1 survivors (1024K)
 Metaspace       used 64258K, committed 64768K, reserved 1105920K
  class space    used 8555K, committed 8832K, reserved 1048576K
}
Event: 8.268 GC heap before
{Heap before GC invocations=22 (full 0):
 garbage-first heap   total 101376K, used 72318K [0x0000000080000000, 0x0000000100000000)
  region size 1024K, 15 young (15360K), 1 survivors (1024K)
 Metaspace       used 66751K, committed 67264K, reserved 1114112K
  class space    used 8829K, committed 9024K, reserved 1048576K
}
Event: 8.270 GC heap after
{Heap after GC invocations=23 (full 0):
 garbage-first heap   total 101376K, used 58350K [0x0000000080000000, 0x0000000100000000)
  region size 1024K, 2 young (2048K), 2 survivors (2048K)
 Metaspace       used 66751K, committed 67264K, reserved 1114112K
  class space    used 8829K, committed 9024K, reserved 1048576K
}
Event: 8.299 GC heap before
{Heap before GC invocations=23 (full 0):
 garbage-first heap   total 101376K, used 60398K [0x0000000080000000, 0x0000000100000000)
  region size 1024K, 4 young (4096K), 2 survivors (2048K)
 Metaspace       used 66897K, committed 67456K, reserved 1114112K
  class space    used 8846K, committed 9088K, reserved 1048576K
}
Event: 8.301 GC heap after
{Heap after GC invocations=24 (full 0):
 garbage-first heap   total 101376K, used 57927K [0x0000000080000000, 0x0000000100000000)
  region size 1024K, 1 young (1024K), 1 survivors (1024K)
 Metaspace       used 66897K, committed 67456K, reserved 1114112K
  class space    used 8846K, committed 9088K, reserved 1048576K
}
Event: 8.829 GC heap before
{Heap before GC invocations=24 (full 0):
 garbage-first heap   total 101376K, used 76359K [0x0000000080000000, 0x0000000100000000)
  region size 1024K, 20 young (20480K), 1 survivors (1024K)
 Metaspace       used 69982K, committed 70592K, reserved 1114112K
  class space    used 9287K, committed 9600K, reserved 1048576K
}
Event: 8.832 GC heap after
{Heap after GC invocations=25 (full 0):
 garbage-first heap   total 155648K, used 59878K [0x0000000080000000, 0x0000000100000000)
  region size 1024K, 3 young (3072K), 3 survivors (3072K)
 Metaspace       used 69982K, committed 70592K, reserved 1114112K
  class space    used 9287K, committed 9600K, reserved 1048576K
}
Event: 9.593 GC heap before
{Heap before GC invocations=25 (full 0):
 garbage-first heap   total 155648K, used 126438K [0x0000000080000000, 0x0000000100000000)
  region size 1024K, 62 young (63488K), 3 survivors (3072K)
 Metaspace       used 74742K, committed 75328K, reserved 1122304K
  class space    used 9921K, committed 10176K, reserved 1048576K
}
Event: 9.600 GC heap after
{Heap after GC invocations=26 (full 0):
 garbage-first heap   total 155648K, used 64985K [0x0000000080000000, 0x0000000100000000)
  region size 1024K, 8 young (8192K), 8 survivors (8192K)
 Metaspace       used 74742K, committed 75328K, reserved 1122304K
  class space    used 9921K, committed 10176K, reserved 1048576K
}
Event: 10.269 GC heap before
{Heap before GC invocations=26 (full 0):
 garbage-first heap   total 155648K, used 121305K [0x0000000080000000, 0x0000000100000000)
  region size 1024K, 63 young (64512K), 8 survivors (8192K)
 Metaspace       used 81170K, committed 81792K, reserved 1122304K
  class space    used 10827K, committed 11136K, reserved 1048576K
}
Event: 10.274 GC heap after
{Heap after GC invocations=27 (full 0):
 garbage-first heap   total 155648K, used 69239K [0x0000000080000000, 0x0000000100000000)
  region size 1024K, 5 young (5120K), 5 survivors (5120K)
 Metaspace       used 81170K, committed 81792K, reserved 1122304K
  class space    used 10827K, committed 11136K, reserved 1048576K
}
Event: 10.987 GC heap before
{Heap before GC invocations=27 (full 0):
 garbage-first heap   total 155648K, used 124535K [0x0000000080000000, 0x0000000100000000)
  region size 1024K, 58 young (59392K), 5 survivors (5120K)
 Metaspace       used 85136K, committed 85696K, reserved 1130496K
  class space    used 11400K, committed 11648K, reserved 1048576K
}
Event: 10.992 GC heap after
{Heap after GC invocations=28 (full 0):
 garbage-first heap   total 155648K, used 74170K [0x0000000080000000, 0x0000000100000000)
  region size 1024K, 8 young (8192K), 8 survivors (8192K)
 Metaspace       used 85136K, committed 85696K, reserved 1130496K
  class space    used 11400K, committed 11648K, reserved 1048576K
}

Dll operation events (2 events):
Event: 0.013 Loaded shared library C:\Program Files\Android\Android Studio\jbr\bin\java.dll
Event: 0.643 Loaded shared library C:\Program Files\Android\Android Studio\jbr\bin\verify.dll

Deoptimization events (20 events):
Event: 11.281 Thread 0x000001b6ae58b2f0 Uncommon trap: trap_request=0xffffff45 fr.pc=0x000001b69d88392c relative=0x000000000000026c
Event: 11.281 Thread 0x000001b6ae58b2f0 Uncommon trap: reason=unstable_if action=reinterpret pc=0x000001b69d88392c method=java.io.WinNTFileSystem.prefixLength(Ljava/lang/String;)I @ 11 c2
Event: 11.281 Thread 0x000001b6ae58b2f0 DEOPT PACKING pc=0x000001b69d88392c sp=0x000000a694cf8a70
Event: 11.281 Thread 0x000001b6ae58b2f0 DEOPT UNPACKING pc=0x000001b69d01a1a3 sp=0x000000a694cf89f0 mode 2
Event: 11.294 Thread 0x000001b6ae58b2f0 Uncommon trap: trap_request=0xffffffbe fr.pc=0x000001b69d92a968 relative=0x0000000000000b68
Event: 11.294 Thread 0x000001b6ae58b2f0 Uncommon trap: reason=profile_predicate action=maybe_recompile pc=0x000001b69d92a968 method=java.util.TreeMap.getEntryUsingComparator(Ljava/lang/Object;)Ljava/util/TreeMap$Entry; @ 19 c2
Event: 11.294 Thread 0x000001b6ae58b2f0 DEOPT PACKING pc=0x000001b69d92a968 sp=0x000000a694cf85b0
Event: 11.294 Thread 0x000001b6ae58b2f0 DEOPT UNPACKING pc=0x000001b69d01a1a3 sp=0x000000a694cf84d0 mode 2
Event: 11.294 Thread 0x000001b6ae58b2f0 Uncommon trap: trap_request=0xffffffbe fr.pc=0x000001b69d92a968 relative=0x0000000000000b68
Event: 11.294 Thread 0x000001b6ae58b2f0 Uncommon trap: reason=profile_predicate action=maybe_recompile pc=0x000001b69d92a968 method=java.util.TreeMap.getEntryUsingComparator(Ljava/lang/Object;)Ljava/util/TreeMap$Entry; @ 19 c2
Event: 11.294 Thread 0x000001b6ae58b2f0 DEOPT PACKING pc=0x000001b69d92a968 sp=0x000000a694cf8510
Event: 11.294 Thread 0x000001b6ae58b2f0 DEOPT UNPACKING pc=0x000001b69d01a1a3 sp=0x000000a694cf8430 mode 2
Event: 11.294 Thread 0x000001b6ae58b2f0 Uncommon trap: trap_request=0xffffffbe fr.pc=0x000001b69d92a968 relative=0x0000000000000b68
Event: 11.294 Thread 0x000001b6ae58b2f0 Uncommon trap: reason=profile_predicate action=maybe_recompile pc=0x000001b69d92a968 method=java.util.TreeMap.getEntryUsingComparator(Ljava/lang/Object;)Ljava/util/TreeMap$Entry; @ 19 c2
Event: 11.294 Thread 0x000001b6ae58b2f0 DEOPT PACKING pc=0x000001b69d92a968 sp=0x000000a694cf8510
Event: 11.294 Thread 0x000001b6ae58b2f0 DEOPT UNPACKING pc=0x000001b69d01a1a3 sp=0x000000a694cf8430 mode 2
Event: 11.294 Thread 0x000001b6ae58b2f0 Uncommon trap: trap_request=0xffffffbe fr.pc=0x000001b69d92a968 relative=0x0000000000000b68
Event: 11.294 Thread 0x000001b6ae58b2f0 Uncommon trap: reason=profile_predicate action=maybe_recompile pc=0x000001b69d92a968 method=java.util.TreeMap.getEntryUsingComparator(Ljava/lang/Object;)Ljava/util/TreeMap$Entry; @ 19 c2
Event: 11.295 Thread 0x000001b6ae58b2f0 DEOPT PACKING pc=0x000001b69d92a968 sp=0x000000a694cf8510
Event: 11.295 Thread 0x000001b6ae58b2f0 DEOPT UNPACKING pc=0x000001b69d01a1a3 sp=0x000000a694cf8430 mode 2

Classes unloaded (0 events):
No events

Classes redefined (0 events):
No events

Internal exceptions (20 events):
Event: 9.623 Thread 0x000001b6ae58b2f0 Exception <a 'java/lang/NoSuchMethodError'{0x000000008cf7e1a0}: static Lorg/jetbrains/kotlin/gradle/plugin/internal/MavenPluginConfigurator$DefaultMavenPluginConfiguratorVariantFactory;.<clinit>()V> (0x000000008cf7e1a0) 
thrown [s\src\hotspot\share\prims\jni.cpp, line 1108]
Event: 9.624 Thread 0x000001b6ae58b2f0 Exception <a 'java/lang/NoSuchMethodError'{0x000000008cf97628}: static Lorg/jetbrains/kotlin/gradle/plugin/internal/DefaultJavaSourceSetsAccessorVariantFactory;.<clinit>()V> (0x000000008cf97628) 
thrown [s\src\hotspot\share\prims\jni.cpp, line 1108]
Event: 9.625 Thread 0x000001b6ae58b2f0 Exception <a 'java/lang/NoSuchMethodError'{0x000000008cfb0100}: static Lorg/jetbrains/kotlin/gradle/targets/js/nodejs/DefaultUnameExecutorVariantFactory;.<clinit>()V> (0x000000008cfb0100) 
thrown [s\src\hotspot\share\prims\jni.cpp, line 1108]
Event: 9.626 Thread 0x000001b6ae58b2f0 Exception <a 'java/lang/NoSuchMethodError'{0x000000008cfc9380}: static Lorg/jetbrains/kotlin/gradle/plugin/internal/DefaultBasePluginConfigurationVariantFactory;.<clinit>()V> (0x000000008cfc9380) 
thrown [s\src\hotspot\share\prims\jni.cpp, line 1108]
Event: 9.627 Thread 0x000001b6ae58b2f0 Exception <a 'java/lang/NoSuchMethodError'{0x000000008cfe1ef8}: static Lorg/jetbrains/kotlin/gradle/plugin/internal/DefaultIdeaSyncDetectorVariantFactory;.<clinit>()V> (0x000000008cfe1ef8) 
thrown [s\src\hotspot\share\prims\jni.cpp, line 1108]
Event: 9.628 Thread 0x000001b6ae58b2f0 Exception <a 'java/lang/NoSuchMethodError'{0x000000008cffb6f8}: static Lorg/jetbrains/kotlin/gradle/plugin/internal/DefaultKotlinTestReportCompatibilityHelperVariantFactory;.<clinit>()V> (0x000000008cffb6f8) 
thrown [s\src\hotspot\share\prims\jni.cpp, line 1108]
Event: 9.629 Thread 0x000001b6ae58b2f0 Exception <a 'java/lang/NoSuchMethodError'{0x000000008cffebe8}: 'void java.lang.invoke.DirectMethodHandle$Holder.invokeSpecial(java.lang.Object, java.lang.Object, java.lang.Object, int)'> (0x000000008cffebe8) 
thrown [s\src\hotspot\share\interpreter\linkResolver.cpp, line 771]
Event: 10.231 Thread 0x000001b6ae58b2f0 Exception <a 'java/lang/ClassNotFoundException'{0x0000000086387450}: org/jetbrains/kotlin/gradle/targets/js/npm/DefaultNpmDependencyExtensionBeanInfo> (0x0000000086387450) 
thrown [s\src\hotspot\share\classfile\systemDictionary.cpp, line 256]
Event: 10.231 Thread 0x000001b6ae58b2f0 Exception <a 'java/lang/ClassNotFoundException'{0x0000000086393ba0}: org/jetbrains/kotlin/gradle/targets/js/npm/DefaultNpmDependencyExtensionCustomizer> (0x0000000086393ba0) 
thrown [s\src\hotspot\share\classfile\systemDictionary.cpp, line 256]
Event: 10.236 Thread 0x000001b6ae58b2f0 Exception <a 'java/lang/ClassNotFoundException'{0x0000000086207480}: org/jetbrains/kotlin/gradle/targets/js/npm/NpmDependencyExtensionKt$defaultNpmDependencyDelegate$1BeanInfo> (0x0000000086207480) 
thrown [s\src\hotspot\share\classfile\systemDictionary.cpp, line 256]
Event: 10.236 Thread 0x000001b6ae58b2f0 Exception <a 'java/lang/ClassNotFoundException'{0x0000000086213c18}: org/jetbrains/kotlin/gradle/targets/js/npm/NpmDependencyExtensionDelegateBeanInfo> (0x0000000086213c18) 
thrown [s\src\hotspot\share\classfile\systemDictionary.cpp, line 256]
Event: 10.236 Thread 0x000001b6ae58b2f0 Exception <a 'java/lang/ClassNotFoundException'{0x0000000086220378}: org/jetbrains/kotlin/gradle/targets/js/npm/NpmDependencyExtensionDelegateCustomizer> (0x0000000086220378) 
thrown [s\src\hotspot\share\classfile\systemDictionary.cpp, line 256]
Event: 10.237 Thread 0x000001b6ae58b2f0 Exception <a 'java/lang/ClassNotFoundException'{0x0000000086241c08}: org/jetbrains/kotlin/gradle/targets/js/npm/NpmDependencyExtensionKt$defaultNpmDependencyDelegate$1Customizer> (0x0000000086241c08) 
thrown [s\src\hotspot\share\classfile\systemDictionary.cpp, line 256]
Event: 10.239 Thread 0x000001b6ae58b2f0 Exception <a 'java/lang/ClassNotFoundException'{0x000000008627e400}: org/jetbrains/kotlin/gradle/targets/js/npm/DefaultDevNpmDependencyExtensionBeanInfo> (0x000000008627e400) 
thrown [s\src\hotspot\share\classfile\systemDictionary.cpp, line 256]
Event: 10.239 Thread 0x000001b6ae58b2f0 Exception <a 'java/lang/ClassNotFoundException'{0x000000008628ade0}: org/jetbrains/kotlin/gradle/targets/js/npm/DefaultDevNpmDependencyExtensionCustomizer> (0x000000008628ade0) 
thrown [s\src\hotspot\share\classfile\systemDictionary.cpp, line 256]
Event: 10.241 Thread 0x000001b6ae58b2f0 Exception <a 'java/lang/ClassNotFoundException'{0x00000000862ca300}: org/jetbrains/kotlin/gradle/targets/js/npm/DefaultPeerNpmDependencyExtensionBeanInfo> (0x00000000862ca300) 
thrown [s\src\hotspot\share\classfile\systemDictionary.cpp, line 256]
Event: 10.242 Thread 0x000001b6ae58b2f0 Exception <a 'java/lang/ClassNotFoundException'{0x00000000862d6ab8}: org/jetbrains/kotlin/gradle/targets/js/npm/DefaultPeerNpmDependencyExtensionCustomizer> (0x00000000862d6ab8) 
thrown [s\src\hotspot\share\classfile\systemDictionary.cpp, line 256]
Event: 10.244 Thread 0x000001b6ae58b2f0 Exception <a 'java/lang/ClassNotFoundException'{0x0000000086121ec0}: org/jetbrains/kotlin/gradle/targets/js/npm/DefaultPeerNpmDependencyExtension$delegate$1BeanInfo> (0x0000000086121ec0) 
thrown [s\src\hotspot\share\classfile\systemDictionary.cpp, line 256]
Event: 10.244 Thread 0x000001b6ae58b2f0 Exception <a 'java/lang/ClassNotFoundException'{0x000000008612e940}: org/jetbrains/kotlin/gradle/targets/js/npm/DefaultPeerNpmDependencyExtension$delegate$1Customizer> (0x000000008612e940) 
thrown [s\src\hotspot\share\classfile\systemDictionary.cpp, line 256]
Event: 11.251 Thread 0x000001b6ae58b2f0 Exception <a 'java/lang/NoSuchMethodError'{0x000000008871bb30}: 'int java.lang.invoke.DirectMethodHandle$Holder.invokeSpecialIFC(java.lang.Object, java.lang.Object, java.lang.Object, java.lang.Object, java.lang.Object)'> (0x000000008871bb30) 
thrown [s\src\hotspot\share\interpreter\linkResolver.cpp, line 771]

VM Operations (20 events):
Event: 8.798 Executing VM operation: HandshakeAllThreads
Event: 8.798 Executing VM operation: HandshakeAllThreads done
Event: 8.829 Executing VM operation: G1TryInitiateConcMark
Event: 8.832 Executing VM operation: G1TryInitiateConcMark done
Event: 9.381 Executing VM operation: HandshakeAllThreads
Event: 9.381 Executing VM operation: HandshakeAllThreads done
Event: 9.387 Executing VM operation: ICBufferFull
Event: 9.388 Executing VM operation: ICBufferFull done
Event: 9.593 Executing VM operation: G1CollectForAllocation
Event: 9.600 Executing VM operation: G1CollectForAllocation done
Event: 9.685 Executing VM operation: HandshakeAllThreads
Event: 9.686 Executing VM operation: HandshakeAllThreads done
Event: 10.268 Executing VM operation: G1CollectForAllocation
Event: 10.274 Executing VM operation: G1CollectForAllocation done
Event: 10.620 Executing VM operation: HandshakeAllThreads
Event: 10.620 Executing VM operation: HandshakeAllThreads done
Event: 10.738 Executing VM operation: ICBufferFull
Event: 10.738 Executing VM operation: ICBufferFull done
Event: 10.987 Executing VM operation: G1CollectForAllocation
Event: 10.992 Executing VM operation: G1CollectForAllocation done

Events (20 events):
Event: 9.644 loading class java/nio/channels/Channels$1 done
Event: 9.646 Thread 0x000001b6b411b8f0 Thread added: 0x000001b6b411b8f0
Event: 9.891 Thread 0x000001b6b26da030 Thread exited: 0x000001b6b26da030
Event: 9.893 Thread 0x000001b6affb7270 Thread exited: 0x000001b6affb7270
Event: 10.006 loading class java/util/ArrayList$SubList$1
Event: 10.006 loading class java/util/ArrayList$SubList$1 done
Event: 10.048 Thread 0x000001b6adde2c00 Thread added: 0x000001b6adde2c00
Event: 10.524 Thread 0x000001b6b6b519c0 Thread added: 0x000001b6b6b519c0
Event: 10.549 loading class jdk/internal/loader/URLClassPath$FileLoader
Event: 10.549 loading class jdk/internal/loader/URLClassPath$FileLoader done
Event: 10.551 loading class jdk/internal/loader/URLClassPath$FileLoader$1
Event: 10.551 loading class jdk/internal/loader/URLClassPath$FileLoader$1 done
Event: 10.639 loading class jdk/internal/access/foreign/MemorySegmentProxy
Event: 10.639 loading class jdk/internal/access/foreign/MemorySegmentProxy done
Event: 10.828 loading class sun/reflect/generics/repository/FieldRepository
Event: 10.828 loading class sun/reflect/generics/repository/FieldRepository done
Event: 10.838 loading class jdk/internal/vm/annotation/ForceInline
Event: 10.838 loading class jdk/internal/vm/annotation/ForceInline done
Event: 10.892 loading class java/util/regex/Pattern$Caret
Event: 10.892 loading class java/util/regex/Pattern$Caret done


Dynamic libraries:
0x00007ff794da0000 - 0x00007ff794daa000 	C:\Program Files\Android\Android Studio\jbr\bin\java.exe
0x00007ff8c7b30000 - 0x00007ff8c7d47000 	C:\WINDOWS\SYSTEM32\ntdll.dll
0x00007ff8c61a0000 - 0x00007ff8c6264000 	C:\WINDOWS\System32\KERNEL32.DLL
0x00007ff8c53f0000 - 0x00007ff8c5796000 	C:\WINDOWS\System32\KERNELBASE.dll
0x00007ff8c5180000 - 0x00007ff8c5291000 	C:\WINDOWS\System32\ucrtbase.dll
0x00007ff8af0e0000 - 0x00007ff8af0f7000 	C:\Program Files\Android\Android Studio\jbr\bin\jli.dll
0x00007ff8a3a10000 - 0x00007ff8a3a2b000 	C:\Program Files\Android\Android Studio\jbr\bin\VCRUNTIME140.dll
0x00007ff8c5ff0000 - 0x00007ff8c619d000 	C:\WINDOWS\System32\USER32.dll
0x00007ff8c53c0000 - 0x00007ff8c53e6000 	C:\WINDOWS\System32\win32u.dll
0x00007ff8a1560000 - 0x00007ff8a17f3000 	C:\WINDOWS\WinSxS\amd64_microsoft.windows.common-controls_6595b64144ccf1df_6.0.22621.2361_none_2712ced57382f843\COMCTL32.dll
0x00007ff8c5a60000 - 0x00007ff8c5b07000 	C:\WINDOWS\System32\msvcrt.dll
0x00007ff8c7720000 - 0x00007ff8c7749000 	C:\WINDOWS\System32\GDI32.dll
0x00007ff8c52a0000 - 0x00007ff8c53b8000 	C:\WINDOWS\System32\gdi32full.dll
0x00007ff8c4eb0000 - 0x00007ff8c4f4a000 	C:\WINDOWS\System32\msvcp_win.dll
0x00007ff8c6610000 - 0x00007ff8c6641000 	C:\WINDOWS\System32\IMM32.DLL
0x00007ff8a9c70000 - 0x00007ff8a9c7c000 	C:\Program Files\Android\Android Studio\jbr\bin\vcruntime140_1.dll
0x00007ff890e90000 - 0x00007ff890f1d000 	C:\Program Files\Android\Android Studio\jbr\bin\msvcp140.dll
0x00007ff86ea00000 - 0x00007ff86f66e000 	C:\Program Files\Android\Android Studio\jbr\bin\server\jvm.dll
0x00007ff8c7800000 - 0x00007ff8c78b0000 	C:\WINDOWS\System32\ADVAPI32.dll
0x00007ff8c7750000 - 0x00007ff8c77f6000 	C:\WINDOWS\System32\sechost.dll
0x00007ff8c6ad0000 - 0x00007ff8c6be7000 	C:\WINDOWS\System32\RPCRT4.dll
0x00007ff8a4350000 - 0x00007ff8a4359000 	C:\WINDOWS\SYSTEM32\WSOCK32.dll
0x00007ff8bbe90000 - 0x00007ff8bbec4000 	C:\WINDOWS\SYSTEM32\WINMM.dll
0x00007ff8c74e0000 - 0x00007ff8c7551000 	C:\WINDOWS\System32\WS2_32.dll
0x00007ff8b96f0000 - 0x00007ff8b96fa000 	C:\WINDOWS\SYSTEM32\VERSION.dll
0x00007ff8c3fb0000 - 0x00007ff8c3fc8000 	C:\WINDOWS\SYSTEM32\kernel.appcore.dll
0x00007ff8bcb40000 - 0x00007ff8bcb4a000 	C:\Program Files\Android\Android Studio\jbr\bin\jimage.dll
0x00007ff8c27b0000 - 0x00007ff8c29de000 	C:\WINDOWS\SYSTEM32\DBGHELP.DLL
0x00007ff8c6270000 - 0x00007ff8c65fa000 	C:\WINDOWS\System32\combase.dll
0x00007ff8c7980000 - 0x00007ff8c7a57000 	C:\WINDOWS\System32\OLEAUT32.dll
0x00007ff8b81c0000 - 0x00007ff8b81f2000 	C:\WINDOWS\SYSTEM32\dbgcore.DLL
0x00007ff8c5810000 - 0x00007ff8c588a000 	C:\WINDOWS\System32\bcryptPrimitives.dll
0x00007ff8b6780000 - 0x00007ff8b67a5000 	C:\Program Files\Android\Android Studio\jbr\bin\java.dll
0x00007ff8bc0a0000 - 0x00007ff8bc0b8000 	C:\Program Files\Android\Android Studio\jbr\bin\zip.dll
0x00007ff8c6bf0000 - 0x00007ff8c7448000 	C:\WINDOWS\System32\SHELL32.dll
0x00007ff8c2dd0000 - 0x00007ff8c36c2000 	C:\WINDOWS\SYSTEM32\windows.storage.dll
0x00007ff8c2c90000 - 0x00007ff8c2dce000 	C:\WINDOWS\SYSTEM32\wintypes.dll
0x00007ff8c5b10000 - 0x00007ff8c5c03000 	C:\WINDOWS\System32\SHCORE.dll
0x00007ff8c78b0000 - 0x00007ff8c790e000 	C:\WINDOWS\System32\shlwapi.dll
0x00007ff8c4de0000 - 0x00007ff8c4e06000 	C:\WINDOWS\SYSTEM32\profapi.dll
0x00007ff8bc000000 - 0x00007ff8bc019000 	C:\Program Files\Android\Android Studio\jbr\bin\net.dll
0x00007ff8be9b0000 - 0x00007ff8beae7000 	C:\WINDOWS\SYSTEM32\WINHTTP.dll
0x00007ff8c4460000 - 0x00007ff8c44c9000 	C:\WINDOWS\system32\mswsock.dll
0x00007ff8bbf30000 - 0x00007ff8bbf46000 	C:\Program Files\Android\Android Studio\jbr\bin\nio.dll
0x00007ff8bbee0000 - 0x00007ff8bbef0000 	C:\Program Files\Android\Android Studio\jbr\bin\verify.dll
0x00007ff8a8740000 - 0x00007ff8a8767000 	C:\Users\bbky3\.gradle\native\68d5fa5c4cc2d200863cafc0d521ce42e7d3e7ee720ec0a83991735586a16f82\windows-amd64\native-platform.dll
0x00007ff879f70000 - 0x00007ff87a0b4000 	C:\Users\bbky3\.gradle\native\e376f236ea51e6404a007f0833ffe2c6e607c4080706a723a18a27aeea778392\windows-amd64\native-platform-file-events.dll
0x00007ff8b6910000 - 0x00007ff8b6919000 	C:\Program Files\Android\Android Studio\jbr\bin\management.dll
0x00007ff8afbf0000 - 0x00007ff8afbfb000 	C:\Program Files\Android\Android Studio\jbr\bin\management_ext.dll
0x00007ff8c6600000 - 0x00007ff8c6608000 	C:\WINDOWS\System32\PSAPI.DLL
0x00007ff8c46c0000 - 0x00007ff8c46db000 	C:\WINDOWS\SYSTEM32\CRYPTSP.dll
0x00007ff8c3f10000 - 0x00007ff8c3f45000 	C:\WINDOWS\system32\rsaenh.dll
0x00007ff8c4550000 - 0x00007ff8c457c000 	C:\WINDOWS\SYSTEM32\USERENV.dll
0x00007ff8c4850000 - 0x00007ff8c4878000 	C:\WINDOWS\SYSTEM32\bcrypt.dll
0x00007ff8c46b0000 - 0x00007ff8c46bc000 	C:\WINDOWS\SYSTEM32\CRYPTBASE.dll
0x00007ff8c39e0000 - 0x00007ff8c3a0d000 	C:\WINDOWS\SYSTEM32\IPHLPAPI.DLL
0x00007ff8c5c10000 - 0x00007ff8c5c19000 	C:\WINDOWS\System32\NSI.dll
0x00007ff8bb3b0000 - 0x00007ff8bb3c9000 	C:\WINDOWS\SYSTEM32\dhcpcsvc6.DLL
0x00007ff8bb390000 - 0x00007ff8bb3af000 	C:\WINDOWS\SYSTEM32\dhcpcsvc.DLL
0x00007ff8c3a60000 - 0x00007ff8c3b59000 	C:\WINDOWS\SYSTEM32\DNSAPI.dll
0x00007ff8af900000 - 0x00007ff8af908000 	C:\WINDOWS\system32\wshunix.dll
0x00007ff8b9580000 - 0x00007ff8b958a000 	C:\Windows\System32\rasadhlp.dll
0x00007ff8b9830000 - 0x00007ff8b98b4000 	C:\WINDOWS\System32\fwpuclnt.dll

dbghelp: loaded successfully - version: 4.0.5 - missing functions: none
symbol engine: initialized successfully - sym options: 0x614 - pdb path: .;C:\Program Files\Android\Android Studio\jbr\bin;C:\WINDOWS\SYSTEM32;C:\WINDOWS\WinSxS\amd64_microsoft.windows.common-controls_6595b64144ccf1df_6.0.22621.2361_none_2712ced57382f843;C:\Program Files\Android\Android Studio\jbr\bin\server;C:\Users\bbky3\.gradle\native\68d5fa5c4cc2d200863cafc0d521ce42e7d3e7ee720ec0a83991735586a16f82\windows-amd64;C:\Users\bbky3\.gradle\native\e376f236ea51e6404a007f0833ffe2c6e607c4080706a723a18a27aeea778392\windows-amd64

VM Arguments:
jvm_args: --add-opens=java.base/java.util=ALL-UNNAMED --add-opens=java.base/java.lang=ALL-UNNAMED --add-opens=java.base/java.lang.invoke=ALL-UNNAMED --add-opens=java.prefs/java.util.prefs=ALL-UNNAMED --add-opens=java.base/java.nio.charset=ALL-UNNAMED --add-opens=java.base/java.net=ALL-UNNAMED --add-opens=java.base/java.util.concurrent.atomic=ALL-UNNAMED -Xmx2048m -Dfile.encoding=UTF-8 -Duser.country=KR -Duser.language=ko -Duser.variant 
java_command: org.gradle.launcher.daemon.bootstrap.GradleDaemon 8.0
java_class_path (initial): C:\Users\bbky3\.gradle\wrapper\dists\gradle-8.0-bin\ca5e32bp14vu59qr306oxotwh\gradle-8.0\lib\gradle-launcher-8.0.jar
Launcher Type: SUN_STANDARD

[Global flags]
     intx CICompilerCount                          = 4                                         {product} {ergonomic}
     uint ConcGCThreads                            = 2                                         {product} {ergonomic}
     uint G1ConcRefinementThreads                  = 8                                         {product} {ergonomic}
   size_t G1HeapRegionSize                         = 1048576                                   {product} {ergonomic}
    uintx GCDrainStackTargetSize                   = 64                                        {product} {ergonomic}
   size_t InitialHeapSize                          = 264241152                                 {product} {ergonomic}
   size_t MarkStackSize                            = 4194304                                   {product} {ergonomic}
   size_t MaxHeapSize                              = 2147483648                                {product} {command line}
   size_t MaxNewSize                               = 1287651328                                {product} {ergonomic}
   size_t MinHeapDeltaBytes                        = 1048576                                   {product} {ergonomic}
   size_t MinHeapSize                              = 8388608                                   {product} {ergonomic}
    uintx NonNMethodCodeHeapSize                   = 5839372                                {pd product} {ergonomic}
    uintx NonProfiledCodeHeapSize                  = 122909434                              {pd product} {ergonomic}
    uintx ProfiledCodeHeapSize                     = 122909434                              {pd product} {ergonomic}
    uintx ReservedCodeCacheSize                    = 251658240                              {pd product} {ergonomic}
     bool SegmentedCodeCache                       = true                                      {product} {ergonomic}
   size_t SoftMaxHeapSize                          = 2147483648                             {manageable} {ergonomic}
     bool UseCompressedClassPointers               = true                           {product lp64_product} {ergonomic}
     bool UseCompressedOops                        = true                           {product lp64_product} {ergonomic}
     bool UseG1GC                                  = true                                      {product} {ergonomic}
     bool UseLargePagesIndividualAllocation        = false                                  {pd product} {ergonomic}

Logging:
Log output configuration:
 #0: stdout all=warning uptime,level,tags
 #1: stderr all=off uptime,level,tags

Environment Variables:
PATH=C:\Program Files\NVIDIA GPU Computing Toolkit\CUDA\v11.7\bin;C:\Program Files\NVIDIA GPU Computing Toolkit\CUDA\v11.7\libnvvp;C:\windows\system32;C:\windows;C:\windows\System32\Wbem;C:\windows\System32\WindowsPowerShell\v1.0\;C:\windows\System32\OpenSSH\;C:\Program Files (x86)\NVIDIA Corporation\PhysX\Common;C:\Program Files\NVIDIA Corporation\NVIDIA NvDLISR;C:\Program Files\NVIDIA Corporation\Nsight Compute 2022.2.0\;C:\WINDOWS\system32;C:\WINDOWS;C:\WINDOWS\System32\Wbem;C:\WINDOWS\System32\WindowsPowerShell\v1.0\;C:\WINDOWS\System32\OpenSSH\;C:\Program Files\Git\cmd;C:\Program Files\PuTTY\;C:\Users\bbky3\AppData\Local\Programs\Python\Python310\Scripts\;C:\Users\bbky3\AppData\Local\Programs\Python\Python310\;C:\Users\bbky3\AppData\Local\Microsoft\WindowsApps;;C:\Users\bbky3\AppData\Local\Programs\Microsoft VS Code\bin
USERNAME=bbky3
OS=Windows_NT
PROCESSOR_IDENTIFIER=Intel64 Family 6 Model 140 Stepping 1, GenuineIntel
TMP=C:\Users\bbky3\AppData\Local\Temp
TEMP=C:\Users\bbky3\AppData\Local\Temp


JNI global refs:
JNI global refs: 29, weak refs: 0

JNI global refs memory usage: 843, weak refs: 841


---------------  S Y S T E M  ---------------

OS:
 Windows 11 , 64 bit Build 22621 (10.0.22621.2428)
OS uptime: 23 days 6:36 hours
Hyper-V role detected

CPU: total 8 (initial active 8) (4 cores per cpu, 2 threads per core) family 6 model 140 stepping 1 microcode 0x9a, cx8, cmov, fxsr, ht, mmx, 3dnowpref, sse, sse2, sse3, ssse3, sse4.1, sse4.2, popcnt, lzcnt, tsc, tscinvbit, avx, avx2, aes, erms, clmul, bmi1, bmi2, adx, avx512f, avx512dq, avx512cd, avx512bw, avx512vl, sha, fma, vzeroupper, avx512_vpopcntdq, avx512_vpclmulqdq, avx512_vaes, avx512_vnni, clflush, clflushopt, clwb, avx512_vbmi2, avx512_vbmi, hv

Memory: 4k page, system-wide physical 16057M (1073M free)
TotalPageFile size 65209M (AvailPageFile size 0M)
current process WorkingSet (physical memory assigned to process): 396M, peak: 404M
current process commit charge ("private bytes"): 430M, peak: 439M

vm_info: OpenJDK 64-Bit Server VM (17.0.6+0-b2043.56-10027231) for windows-amd64 JRE (17.0.6+0-b2043.56-10027231), built on Apr 28 2023 00:43:19 by "androidbuild" with MS VC++ 16.10 / 16.11 (VS2019)

END.
